[ 2014-12-16T11:08:55+08:00 ] 127.0.0.1 /activity/detail/3
INFO: [ app_init ] --START--
INFO: Run Behavior\BuildLiteBehavior [ RunTime:0.000061s ]
INFO: [ app_init ] --END-- [ RunTime:0.000967s ]
INFO: [ app_begin ] --START--
INFO: Run Behavior\ReadHtmlCacheBehavior [ RunTime:0.005863s ]
INFO: [ app_begin ] --END-- [ RunTime:0.006154s ]

[ 2014-12-16T11:11:11+08:00 ] 127.0.0.1 /activity/detail/3
INFO: [ app_init ] --START--
INFO: Run Behavior\BuildLiteBehavior [ RunTime:0.000035s ]
INFO: [ app_init ] --END-- [ RunTime:0.000711s ]
INFO: [ app_begin ] --START--
INFO: Run Behavior\ReadHtmlCacheBehavior [ RunTime:0.001011s ]
INFO: [ app_begin ] --END-- [ RunTime:0.001201s ]

[ 2014-12-16T11:11:22+08:00 ] 127.0.0.1 /activity/detail/3
INFO: [ app_init ] --START--
INFO: Run Behavior\BuildLiteBehavior [ RunTime:0.000026s ]
INFO: [ app_init ] --END-- [ RunTime:0.000395s ]
INFO: [ app_begin ] --START--
INFO: Run Behavior\ReadHtmlCacheBehavior [ RunTime:0.000416s ]
INFO: [ app_begin ] --END-- [ RunTime:0.000516s ]

[ 2014-12-16T11:12:34+08:00 ] 127.0.0.1 /activity/detail/3
INFO: [ app_init ] --START--
INFO: Run Behavior\BuildLiteBehavior [ RunTime:0.000030s ]
INFO: [ app_init ] --END-- [ RunTime:0.000829s ]
INFO: [ app_begin ] --START--
INFO: Run Behavior\ReadHtmlCacheBehavior [ RunTime:0.001053s ]
INFO: [ app_begin ] --END-- [ RunTime:0.001178s ]

[ 2014-12-16T11:12:35+08:00 ] 127.0.0.1 /activity/detail/3
INFO: [ app_init ] --START--
INFO: Run Behavior\BuildLiteBehavior [ RunTime:0.000020s ]
INFO: [ app_init ] --END-- [ RunTime:0.000293s ]
INFO: [ app_begin ] --START--
INFO: Run Behavior\ReadHtmlCacheBehavior [ RunTime:0.000420s ]
INFO: [ app_begin ] --END-- [ RunTime:0.000578s ]

[ 2014-12-16T11:21:13+08:00 ] 127.0.0.1 /activity/detail/3
INFO: [ app_init ] --START--
INFO: Run Behavior\BuildLiteBehavior [ RunTime:0.000026s ]
INFO: [ app_init ] --END-- [ RunTime:0.000578s ]
INFO: [ app_begin ] --START--
INFO: Run Behavior\ReadHtmlCacheBehavior [ RunTime:0.000806s ]
INFO: [ app_begin ] --END-- [ RunTime:0.000929s ]

[ 2014-12-16T11:29:38+08:00 ] 127.0.0.1 /activity/detail/3
INFO: [ app_init ] --START--
INFO: Run Behavior\BuildLiteBehavior [ RunTime:0.000022s ]
INFO: [ app_init ] --END-- [ RunTime:0.000478s ]
INFO: [ app_begin ] --START--
INFO: Run Behavior\ReadHtmlCacheBehavior [ RunTime:0.000716s ]
INFO: [ app_begin ] --END-- [ RunTime:0.000796s ]

[ 2014-12-16T11:29:41+08:00 ] 127.0.0.1 /activity/detail/3
INFO: [ app_init ] --START--
INFO: Run Behavior\BuildLiteBehavior [ RunTime:0.000019s ]
INFO: [ app_init ] --END-- [ RunTime:0.000288s ]
INFO: [ app_begin ] --START--
INFO: Run Behavior\ReadHtmlCacheBehavior [ RunTime:0.000366s ]
INFO: [ app_begin ] --END-- [ RunTime:0.000454s ]

[ 2014-12-16T11:32:09+08:00 ] 127.0.0.1 /activity/detail/3
INFO: [ app_init ] --START--
INFO: Run Behavior\BuildLiteBehavior [ RunTime:0.000025s ]
INFO: [ app_init ] --END-- [ RunTime:0.000614s ]
INFO: [ app_begin ] --START--
INFO: Run Behavior\ReadHtmlCacheBehavior [ RunTime:0.000856s ]
INFO: [ app_begin ] --END-- [ RunTime:0.000965s ]
NOTIC: [8192] mysql_connect(): The mysql extension is deprecated and will be removed in the future: use mysqli or PDO instead /private/var/www/sport/ThinkPHP/Library/Think/Db/Driver/Mysql.class.php 第 52 行.
SQL: SHOW COLUMNS FROM `activity` [ RunTime:0.020299s ]
SQL: SELECT `aid`,`activity_name`,`duration`,`start_time`,`end_time`,`alocation`,`lon`,`lat`,c.ccontent atype,`cityarea2show`,`price`,`pricetype`,`acontent`,s.sport_name,`follow_cnt`,`take_cnt`,`equipment_take`,`equipment_got`,`aimax_url`,u.username FROM `activity`  LEFT JOIN constants c ON c.cvalue = activity.activity_type  LEFT JOIN user u ON u.uid = activity.creator  LEFT JOIN sport s ON s.sid = activity.sport_type  WHERE ( activity.status='P' AND c.module=1 AND activity.aid=3  )  [ RunTime:0.009266s ]
SQL: SHOW COLUMNS FROM `activity_comment` [ RunTime:0.002633s ]
SQL: SELECT activity_comment.acid,u.username,activity_comment.accontent,activity_comment.create_time,count(ac.acid) fcnt FROM `activity_comment`  LEFT JOIN user u ON u.uid = activity_comment.uid  LEFT JOIN activity_comment ac ON ac.pid = activity_comment.acid  WHERE ( activity_comment.deleted=0 AND (ac.deleted=0 OR ac.deleted is null)AND activity_comment.aid=3 AND activity_comment.pid=0  ) GROUP BY activity_comment.acid  [ RunTime:0.004259s ]
SQL: SHOW COLUMNS FROM `user_activity` [ RunTime:0.003762s ]
SQL: SELECT `type` FROM `user_activity` WHERE ( aid=3 AND uid=1  ) LIMIT 1   [ RunTime:0.000300s ]
INFO: [ view_parse ] --START--
INFO: [ template_filter ] --START--
INFO: Run Behavior\ContentReplaceBehavior [ RunTime:0.000139s ]
INFO: [ template_filter ] --END-- [ RunTime:0.000336s ]
NOTIC: [8] A non well formed numeric value encountered /private/var/www/sport/Application/Runtime/Cache/Home/f8356fb647bbe8f15c9f836a57b7821a.php 第 405 行.
NOTIC: [8] A non well formed numeric value encountered /private/var/www/sport/Application/Runtime/Cache/Home/f8356fb647bbe8f15c9f836a57b7821a.php 第 405 行.
INFO: Run Behavior\ParseTemplateBehavior [ RunTime:0.067675s ]
INFO: [ view_parse ] --END-- [ RunTime:0.067815s ]
INFO: [ view_filter ] --START--
INFO: Run Behavior\WriteHtmlCacheBehavior [ RunTime:0.001029s ]
INFO: [ view_filter ] --END-- [ RunTime:0.001115s ]
INFO: [ app_end ] --START--
INFO: Run Behavior\ShowPageTraceBehavior [ RunTime:0.001098s ]
INFO: [ app_end ] --END-- [ RunTime:0.001202s ]

[ 2014-12-16T11:32:12+08:00 ] 127.0.0.1 /activity/unfollow?aid=3
INFO: [ app_init ] --START--
INFO: Run Behavior\BuildLiteBehavior [ RunTime:0.000020s ]
INFO: [ app_init ] --END-- [ RunTime:0.000304s ]
INFO: [ app_begin ] --START--
INFO: Run Behavior\ReadHtmlCacheBehavior [ RunTime:0.000384s ]
INFO: [ app_begin ] --END-- [ RunTime:0.000480s ]
NOTIC: [8192] mysql_connect(): The mysql extension is deprecated and will be removed in the future: use mysqli or PDO instead /private/var/www/sport/ThinkPHP/Library/Think/Db/Driver/Mysql.class.php 第 52 行.
SQL: SHOW COLUMNS FROM `activity` [ RunTime:0.011486s ]
SQL: SHOW COLUMNS FROM `user_activity` [ RunTime:0.002344s ]
SQL: SELECT `uaid` FROM `user_activity` WHERE ( aid=3 AND uid=1 AND type='F' ) LIMIT 1   [ RunTime:0.000352s ]
SQL: DELETE FROM `user_activity` WHERE `uaid` = 45 [ RunTime:0.005954s ]
SQL: SELECT `follow_cnt` FROM `activity` WHERE ( aid=3 ) LIMIT 1   [ RunTime:0.000241s ]
NOTIC: [8] Undefined variable: data /private/var/www/sport/Application/Home/Model/ActivityModel.class.php 第 82 行.
SQL: UPDATE `activity` SET `follow_cnt`=40 WHERE ( aid=3 ) [ RunTime:0.000354s ]

[ 2014-12-16T11:32:14+08:00 ] 127.0.0.1 /activity/detail/3
INFO: [ app_init ] --START--
INFO: Run Behavior\BuildLiteBehavior [ RunTime:0.000021s ]
INFO: [ app_init ] --END-- [ RunTime:0.000314s ]
INFO: [ app_begin ] --START--
INFO: Run Behavior\ReadHtmlCacheBehavior [ RunTime:0.000359s ]
INFO: [ app_begin ] --END-- [ RunTime:0.000458s ]
NOTIC: [8192] mysql_connect(): The mysql extension is deprecated and will be removed in the future: use mysqli or PDO instead /private/var/www/sport/ThinkPHP/Library/Think/Db/Driver/Mysql.class.php 第 52 行.
SQL: SHOW COLUMNS FROM `activity` [ RunTime:0.004720s ]
SQL: SELECT `aid`,`activity_name`,`duration`,`start_time`,`end_time`,`alocation`,`lon`,`lat`,c.ccontent atype,`cityarea2show`,`price`,`pricetype`,`acontent`,s.sport_name,`follow_cnt`,`take_cnt`,`equipment_take`,`equipment_got`,`aimax_url`,u.username FROM `activity`  LEFT JOIN constants c ON c.cvalue = activity.activity_type  LEFT JOIN user u ON u.uid = activity.creator  LEFT JOIN sport s ON s.sid = activity.sport_type  WHERE ( activity.status='P' AND c.module=1 AND activity.aid=3  )  [ RunTime:0.000473s ]
SQL: SHOW COLUMNS FROM `activity_comment` [ RunTime:0.020066s ]
SQL: SELECT activity_comment.acid,u.username,activity_comment.accontent,activity_comment.create_time,count(ac.acid) fcnt FROM `activity_comment`  LEFT JOIN user u ON u.uid = activity_comment.uid  LEFT JOIN activity_comment ac ON ac.pid = activity_comment.acid  WHERE ( activity_comment.deleted=0 AND (ac.deleted=0 OR ac.deleted is null)AND activity_comment.aid=3 AND activity_comment.pid=0  ) GROUP BY activity_comment.acid  [ RunTime:0.000524s ]
SQL: SHOW COLUMNS FROM `user_activity` [ RunTime:0.020910s ]
SQL: SELECT `type` FROM `user_activity` WHERE ( aid=3 AND uid=1  ) LIMIT 1   [ RunTime:0.000241s ]
INFO: [ view_parse ] --START--
INFO: [ template_filter ] --START--
INFO: Run Behavior\ContentReplaceBehavior [ RunTime:0.000110s ]
INFO: [ template_filter ] --END-- [ RunTime:0.000211s ]
NOTIC: [8] A non well formed numeric value encountered /private/var/www/sport/Application/Runtime/Cache/Home/f8356fb647bbe8f15c9f836a57b7821a.php 第 405 行.
NOTIC: [8] A non well formed numeric value encountered /private/var/www/sport/Application/Runtime/Cache/Home/f8356fb647bbe8f15c9f836a57b7821a.php 第 405 行.
INFO: Run Behavior\ParseTemplateBehavior [ RunTime:0.041300s ]
INFO: [ view_parse ] --END-- [ RunTime:0.041414s ]
INFO: [ view_filter ] --START--
INFO: Run Behavior\WriteHtmlCacheBehavior [ RunTime:0.000143s ]
INFO: [ view_filter ] --END-- [ RunTime:0.000207s ]
INFO: [ app_end ] --START--
INFO: Run Behavior\ShowPageTraceBehavior [ RunTime:0.000421s ]
INFO: [ app_end ] --END-- [ RunTime:0.000504s ]

[ 2014-12-16T11:34:41+08:00 ] 127.0.0.1 /activity/detail/3
INFO: [ app_init ] --START--
INFO: Run Behavior\BuildLiteBehavior [ RunTime:0.000024s ]
INFO: [ app_init ] --END-- [ RunTime:0.000566s ]
INFO: [ app_begin ] --START--
INFO: Run Behavior\ReadHtmlCacheBehavior [ RunTime:0.000830s ]
INFO: [ app_begin ] --END-- [ RunTime:0.000933s ]
NOTIC: [8192] mysql_connect(): The mysql extension is deprecated and will be removed in the future: use mysqli or PDO instead /private/var/www/sport/ThinkPHP/Library/Think/Db/Driver/Mysql.class.php 第 52 行.
SQL: SHOW COLUMNS FROM `activity` [ RunTime:0.003316s ]
SQL: SELECT `aid`,`activity_name`,`duration`,`start_time`,`end_time`,`alocation`,`lon`,`lat`,c.ccontent atype,`cityarea2show`,`price`,`pricetype`,`acontent`,s.sport_name,`follow_cnt`,`take_cnt`,`equipment_take`,`equipment_got`,`aimax_url`,u.username FROM `activity`  LEFT JOIN constants c ON c.cvalue = activity.activity_type  LEFT JOIN user u ON u.uid = activity.creator  LEFT JOIN sport s ON s.sid = activity.sport_type  WHERE ( activity.status='P' AND c.module=1 AND activity.aid=3  )  [ RunTime:0.000424s ]
SQL: SHOW COLUMNS FROM `activity_comment` [ RunTime:0.002588s ]
SQL: SELECT activity_comment.acid,u.username,activity_comment.accontent,activity_comment.create_time,count(ac.acid) fcnt FROM `activity_comment`  LEFT JOIN user u ON u.uid = activity_comment.uid  LEFT JOIN activity_comment ac ON ac.pid = activity_comment.acid  WHERE ( activity_comment.deleted=0 AND (ac.deleted=0 OR ac.deleted is null)AND activity_comment.aid=3 AND activity_comment.pid=0  ) GROUP BY activity_comment.acid  [ RunTime:0.000488s ]
SQL: SHOW COLUMNS FROM `user_activity` [ RunTime:0.002950s ]
SQL: SELECT `type` FROM `user_activity` WHERE ( aid=3 AND uid=1  ) LIMIT 1   [ RunTime:0.000233s ]
INFO: [ view_parse ] --START--
INFO: [ template_filter ] --START--
INFO: Run Behavior\ContentReplaceBehavior [ RunTime:0.000158s ]
INFO: [ template_filter ] --END-- [ RunTime:0.000326s ]
NOTIC: [8] A non well formed numeric value encountered /private/var/www/sport/Application/Runtime/Cache/Home/f8356fb647bbe8f15c9f836a57b7821a.php 第 410 行.
NOTIC: [8] A non well formed numeric value encountered /private/var/www/sport/Application/Runtime/Cache/Home/f8356fb647bbe8f15c9f836a57b7821a.php 第 410 行.
INFO: Run Behavior\ParseTemplateBehavior [ RunTime:0.057834s ]
INFO: [ view_parse ] --END-- [ RunTime:0.057958s ]
INFO: [ view_filter ] --START--
INFO: Run Behavior\WriteHtmlCacheBehavior [ RunTime:0.000422s ]
INFO: [ view_filter ] --END-- [ RunTime:0.000509s ]
INFO: [ app_end ] --START--
INFO: Run Behavior\ShowPageTraceBehavior [ RunTime:0.000991s ]
INFO: [ app_end ] --END-- [ RunTime:0.001138s ]

[ 2014-12-16T11:34:44+08:00 ] 127.0.0.1 /activity/follow?aid=3
DEBUG: follow cnt:41
[ 2014-12-16T11:34:44+08:00 ] 127.0.0.1 /activity/follow?aid=3
INFO: [ app_init ] --START--
INFO: Run Behavior\BuildLiteBehavior [ RunTime:0.000020s ]
INFO: [ app_init ] --END-- [ RunTime:0.000298s ]
INFO: [ app_begin ] --START--
INFO: Run Behavior\ReadHtmlCacheBehavior [ RunTime:0.000312s ]
INFO: [ app_begin ] --END-- [ RunTime:0.000379s ]
NOTIC: [8192] mysql_connect(): The mysql extension is deprecated and will be removed in the future: use mysqli or PDO instead /private/var/www/sport/ThinkPHP/Library/Think/Db/Driver/Mysql.class.php 第 52 行.
SQL: SHOW COLUMNS FROM `activity` [ RunTime:0.004551s ]
SQL: SELECT count(*) cnt FROM `activity` WHERE ( aid=3 ) LIMIT 1   [ RunTime:0.001562s ]
SQL: SHOW COLUMNS FROM `user_activity` [ RunTime:0.018723s ]
SQL: SELECT `uaid` FROM `user_activity` WHERE ( aid=3 AND uid=1 AND type='F' ) LIMIT 1   [ RunTime:0.000359s ]
SQL: INSERT INTO `user_activity` (`uid`,`aid`,`type`) VALUES (1,3,'F') [ RunTime:0.015632s ]
SQL: SELECT `follow_cnt` FROM `activity` WHERE ( aid=3 ) LIMIT 1   [ RunTime:0.000307s ]
SQL: UPDATE `activity` SET `follow_cnt`=41 WHERE ( aid=3 ) [ RunTime:0.000256s ]
NOTIC: [2] mkdir(): Invalid path /private/var/www/sport/ThinkPHP/Library/Think/Log/Driver/File.class.php 第 39 行.

[ 2014-12-16T11:34:45+08:00 ] 127.0.0.1 /activity/unfollow?aid=3
INFO: [ app_init ] --START--
INFO: Run Behavior\BuildLiteBehavior [ RunTime:0.000018s ]
INFO: [ app_init ] --END-- [ RunTime:0.000270s ]
INFO: [ app_begin ] --START--
INFO: Run Behavior\ReadHtmlCacheBehavior [ RunTime:0.000293s ]
INFO: [ app_begin ] --END-- [ RunTime:0.000357s ]
NOTIC: [8192] mysql_connect(): The mysql extension is deprecated and will be removed in the future: use mysqli or PDO instead /private/var/www/sport/ThinkPHP/Library/Think/Db/Driver/Mysql.class.php 第 52 行.
SQL: SHOW COLUMNS FROM `activity` [ RunTime:0.004665s ]
SQL: SHOW COLUMNS FROM `user_activity` [ RunTime:0.002241s ]
SQL: SELECT `uaid` FROM `user_activity` WHERE ( aid=3 AND uid=1 AND type='F' ) LIMIT 1   [ RunTime:0.000237s ]
SQL: DELETE FROM `user_activity` WHERE `uaid` = 46 [ RunTime:0.000169s ]
SQL: SELECT `follow_cnt` FROM `activity` WHERE ( aid=3 ) LIMIT 1   [ RunTime:0.000156s ]
NOTIC: [8] Undefined variable: data /private/var/www/sport/Application/Home/Model/ActivityModel.class.php 第 82 行.
SQL: UPDATE `activity` SET `follow_cnt`=40 WHERE ( aid=3 ) [ RunTime:0.000173s ]

[ 2014-12-16T11:34:53+08:00 ] 127.0.0.1 /activity/detail/3
INFO: [ app_init ] --START--
INFO: Run Behavior\BuildLiteBehavior [ RunTime:0.000019s ]
INFO: [ app_init ] --END-- [ RunTime:0.000281s ]
INFO: [ app_begin ] --START--
INFO: Run Behavior\ReadHtmlCacheBehavior [ RunTime:0.000307s ]
INFO: [ app_begin ] --END-- [ RunTime:0.000385s ]
NOTIC: [8192] mysql_connect(): The mysql extension is deprecated and will be removed in the future: use mysqli or PDO instead /private/var/www/sport/ThinkPHP/Library/Think/Db/Driver/Mysql.class.php 第 52 行.
SQL: SHOW COLUMNS FROM `activity` [ RunTime:0.007158s ]
SQL: SELECT `aid`,`activity_name`,`duration`,`start_time`,`end_time`,`alocation`,`lon`,`lat`,c.ccontent atype,`cityarea2show`,`price`,`pricetype`,`acontent`,s.sport_name,`follow_cnt`,`take_cnt`,`equipment_take`,`equipment_got`,`aimax_url`,u.username FROM `activity`  LEFT JOIN constants c ON c.cvalue = activity.activity_type  LEFT JOIN user u ON u.uid = activity.creator  LEFT JOIN sport s ON s.sid = activity.sport_type  WHERE ( activity.status='P' AND c.module=1 AND activity.aid=3  )  [ RunTime:0.000632s ]
SQL: SHOW COLUMNS FROM `activity_comment` [ RunTime:0.004844s ]
SQL: SELECT activity_comment.acid,u.username,activity_comment.accontent,activity_comment.create_time,count(ac.acid) fcnt FROM `activity_comment`  LEFT JOIN user u ON u.uid = activity_comment.uid  LEFT JOIN activity_comment ac ON ac.pid = activity_comment.acid  WHERE ( activity_comment.deleted=0 AND (ac.deleted=0 OR ac.deleted is null)AND activity_comment.aid=3 AND activity_comment.pid=0  ) GROUP BY activity_comment.acid  [ RunTime:0.000675s ]
SQL: SHOW COLUMNS FROM `user_activity` [ RunTime:0.006078s ]
SQL: SELECT `type` FROM `user_activity` WHERE ( aid=3 AND uid=1  ) LIMIT 1   [ RunTime:0.000255s ]
INFO: [ view_parse ] --START--
INFO: [ template_filter ] --START--
INFO: Run Behavior\ContentReplaceBehavior [ RunTime:0.000089s ]
INFO: [ template_filter ] --END-- [ RunTime:0.000173s ]
NOTIC: [8] A non well formed numeric value encountered /private/var/www/sport/Application/Runtime/Cache/Home/f8356fb647bbe8f15c9f836a57b7821a.php 第 410 行.
NOTIC: [8] A non well formed numeric value encountered /private/var/www/sport/Application/Runtime/Cache/Home/f8356fb647bbe8f15c9f836a57b7821a.php 第 410 行.
INFO: Run Behavior\ParseTemplateBehavior [ RunTime:0.043775s ]
INFO: [ view_parse ] --END-- [ RunTime:0.043899s ]
INFO: [ view_filter ] --START--
INFO: Run Behavior\WriteHtmlCacheBehavior [ RunTime:0.000434s ]
INFO: [ view_filter ] --END-- [ RunTime:0.000527s ]
INFO: [ app_end ] --START--
INFO: Run Behavior\ShowPageTraceBehavior [ RunTime:0.002487s ]
INFO: [ app_end ] --END-- [ RunTime:0.002640s ]

[ 2014-12-16T11:40:00+08:00 ] 127.0.0.1 /activity/detail/3
INFO: [ app_init ] --START--
INFO: Run Behavior\BuildLiteBehavior [ RunTime:0.000032s ]
INFO: [ app_init ] --END-- [ RunTime:0.000602s ]
INFO: [ app_begin ] --START--
INFO: Run Behavior\ReadHtmlCacheBehavior [ RunTime:0.000972s ]
INFO: [ app_begin ] --END-- [ RunTime:0.001146s ]
NOTIC: [8192] mysql_connect(): The mysql extension is deprecated and will be removed in the future: use mysqli or PDO instead /private/var/www/sport/ThinkPHP/Library/Think/Db/Driver/Mysql.class.php 第 52 行.
SQL: SHOW COLUMNS FROM `activity` [ RunTime:0.003929s ]
SQL: SELECT `aid`,`activity_name`,`duration`,`start_time`,`end_time`,`alocation`,`lon`,`lat`,c.ccontent atype,`cityarea2show`,`price`,`pricetype`,`acontent`,s.sport_name,`follow_cnt`,`take_cnt`,`equipment_take`,`equipment_got`,`aimax_url`,u.username FROM `activity`  LEFT JOIN constants c ON c.cvalue = activity.activity_type  LEFT JOIN user u ON u.uid = activity.creator  LEFT JOIN sport s ON s.sid = activity.sport_type  WHERE ( activity.status='P' AND c.module=1 AND activity.aid=3  )  [ RunTime:0.000530s ]
SQL: SHOW COLUMNS FROM `activity_comment` [ RunTime:0.005722s ]
SQL: SELECT activity_comment.acid,u.username,activity_comment.accontent,activity_comment.create_time,count(ac.acid) fcnt FROM `activity_comment`  LEFT JOIN user u ON u.uid = activity_comment.uid  LEFT JOIN activity_comment ac ON ac.pid = activity_comment.acid  WHERE ( activity_comment.deleted=0 AND (ac.deleted=0 OR ac.deleted is null)AND activity_comment.aid=3 AND activity_comment.pid=0  ) GROUP BY activity_comment.acid  [ RunTime:0.000596s ]
SQL: SHOW COLUMNS FROM `user_activity` [ RunTime:0.002544s ]
SQL: SELECT `type` FROM `user_activity` WHERE ( aid=3 AND uid=1  ) LIMIT 1   [ RunTime:0.000288s ]
INFO: [ view_parse ] --START--
INFO: [ template_filter ] --START--
INFO: Run Behavior\ContentReplaceBehavior [ RunTime:0.000130s ]
INFO: [ template_filter ] --END-- [ RunTime:0.000329s ]
NOTIC: [8] A non well formed numeric value encountered /private/var/www/sport/Application/Runtime/Cache/Home/f8356fb647bbe8f15c9f836a57b7821a.php 第 416 行.
NOTIC: [8] A non well formed numeric value encountered /private/var/www/sport/Application/Runtime/Cache/Home/f8356fb647bbe8f15c9f836a57b7821a.php 第 416 行.
INFO: Run Behavior\ParseTemplateBehavior [ RunTime:0.041960s ]
INFO: [ view_parse ] --END-- [ RunTime:0.042056s ]
INFO: [ view_filter ] --START--
INFO: Run Behavior\WriteHtmlCacheBehavior [ RunTime:0.000761s ]
INFO: [ view_filter ] --END-- [ RunTime:0.000843s ]
INFO: [ app_end ] --START--
INFO: Run Behavior\ShowPageTraceBehavior [ RunTime:0.000865s ]
INFO: [ app_end ] --END-- [ RunTime:0.001013s ]

[ 2014-12-16T11:40:02+08:00 ] 127.0.0.1 /activity/take?aid=3
INFO: [ app_init ] --START--
INFO: Run Behavior\BuildLiteBehavior [ RunTime:0.000020s ]
INFO: [ app_init ] --END-- [ RunTime:0.000285s ]
INFO: [ app_begin ] --START--
INFO: Run Behavior\ReadHtmlCacheBehavior [ RunTime:0.000308s ]
INFO: [ app_begin ] --END-- [ RunTime:0.000374s ]
NOTIC: [8192] mysql_connect(): The mysql extension is deprecated and will be removed in the future: use mysqli or PDO instead /private/var/www/sport/ThinkPHP/Library/Think/Db/Driver/Mysql.class.php 第 52 行.
SQL: SHOW COLUMNS FROM `activity` [ RunTime:0.003222s ]
SQL: SELECT count(*) cnt FROM `activity` WHERE ( aid=3 ) LIMIT 1   [ RunTime:0.000227s ]
SQL: SHOW COLUMNS FROM `user_activity` [ RunTime:0.002164s ]
SQL: SELECT `uaid` FROM `user_activity` WHERE ( aid=3 AND uid=1 AND type='F' ) LIMIT 1   [ RunTime:0.000211s ]
SQL: SELECT `uaid` FROM `user_activity` WHERE ( aid=3 AND uid=1 AND type='T' ) LIMIT 1   [ RunTime:0.000220s ]
SQL: INSERT INTO `user_activity` (`uid`,`aid`,`type`) VALUES (1,3,'T') [ RunTime:0.001373s ]
SQL: SELECT `take_cnt` FROM `activity` WHERE ( aid=3 ) LIMIT 1   [ RunTime:0.000219s ]
SQL: UPDATE `activity` SET `take_cnt`=3442 WHERE ( aid=3 ) [ RunTime:0.000231s ]

[ 2014-12-16T11:40:52+08:00 ] 127.0.0.1 /activity/detail/3
INFO: [ app_init ] --START--
INFO: Run Behavior\BuildLiteBehavior [ RunTime:0.000027s ]
INFO: [ app_init ] --END-- [ RunTime:0.000641s ]
INFO: [ app_begin ] --START--
INFO: Run Behavior\ReadHtmlCacheBehavior [ RunTime:0.001011s ]
INFO: [ app_begin ] --END-- [ RunTime:0.001130s ]
NOTIC: [8192] mysql_connect(): The mysql extension is deprecated and will be removed in the future: use mysqli or PDO instead /private/var/www/sport/ThinkPHP/Library/Think/Db/Driver/Mysql.class.php 第 52 行.
SQL: SHOW COLUMNS FROM `activity` [ RunTime:0.004140s ]
SQL: SELECT `aid`,`activity_name`,`duration`,`start_time`,`end_time`,`alocation`,`lon`,`lat`,c.ccontent atype,`cityarea2show`,`price`,`pricetype`,`acontent`,s.sport_name,`follow_cnt`,`take_cnt`,`equipment_take`,`equipment_got`,`aimax_url`,u.username FROM `activity`  LEFT JOIN constants c ON c.cvalue = activity.activity_type  LEFT JOIN user u ON u.uid = activity.creator  LEFT JOIN sport s ON s.sid = activity.sport_type  WHERE ( activity.status='P' AND c.module=1 AND activity.aid=3  )  [ RunTime:0.000729s ]
SQL: SHOW COLUMNS FROM `activity_comment` [ RunTime:0.008056s ]
SQL: SELECT activity_comment.acid,u.username,activity_comment.accontent,activity_comment.create_time,count(ac.acid) fcnt FROM `activity_comment`  LEFT JOIN user u ON u.uid = activity_comment.uid  LEFT JOIN activity_comment ac ON ac.pid = activity_comment.acid  WHERE ( activity_comment.deleted=0 AND (ac.deleted=0 OR ac.deleted is null)AND activity_comment.aid=3 AND activity_comment.pid=0  ) GROUP BY activity_comment.acid  [ RunTime:0.002286s ]
SQL: SHOW COLUMNS FROM `user_activity` [ RunTime:0.004695s ]
SQL: SELECT `type` FROM `user_activity` WHERE ( aid=3 AND uid=1  ) LIMIT 1   [ RunTime:0.000251s ]
INFO: [ view_parse ] --START--
INFO: [ template_filter ] --START--
INFO: Run Behavior\ContentReplaceBehavior [ RunTime:0.000150s ]
INFO: [ template_filter ] --END-- [ RunTime:0.000253s ]
NOTIC: [8] A non well formed numeric value encountered /private/var/www/sport/Application/Runtime/Cache/Home/f8356fb647bbe8f15c9f836a57b7821a.php 第 416 行.
NOTIC: [8] A non well formed numeric value encountered /private/var/www/sport/Application/Runtime/Cache/Home/f8356fb647bbe8f15c9f836a57b7821a.php 第 416 行.
INFO: Run Behavior\ParseTemplateBehavior [ RunTime:0.051424s ]
INFO: [ view_parse ] --END-- [ RunTime:0.051594s ]
INFO: [ view_filter ] --START--
INFO: Run Behavior\WriteHtmlCacheBehavior [ RunTime:0.000459s ]
INFO: [ view_filter ] --END-- [ RunTime:0.000536s ]
INFO: [ app_end ] --START--
INFO: Run Behavior\ShowPageTraceBehavior [ RunTime:0.000807s ]
INFO: [ app_end ] --END-- [ RunTime:0.000901s ]

[ 2014-12-16T11:41:03+08:00 ] 127.0.0.1 /activity/untake?aid=3
INFO: [ app_init ] --START--
INFO: Run Behavior\BuildLiteBehavior [ RunTime:0.000018s ]
INFO: [ app_init ] --END-- [ RunTime:0.000270s ]
INFO: [ app_begin ] --START--
INFO: Run Behavior\ReadHtmlCacheBehavior [ RunTime:0.000292s ]
INFO: [ app_begin ] --END-- [ RunTime:0.000356s ]
NOTIC: [8192] mysql_connect(): The mysql extension is deprecated and will be removed in the future: use mysqli or PDO instead /private/var/www/sport/ThinkPHP/Library/Think/Db/Driver/Mysql.class.php 第 52 行.
SQL: SHOW COLUMNS FROM `activity` [ RunTime:0.005943s ]
SQL: SHOW COLUMNS FROM `user_activity` [ RunTime:0.002687s ]
SQL: SELECT `uaid` FROM `user_activity` WHERE ( aid=3 AND uid=1 AND type='T' ) LIMIT 1   [ RunTime:0.000223s ]
SQL: DELETE FROM `user_activity` WHERE `uaid` = 47 [ RunTime:0.000203s ]
SQL: SELECT `take_cnt` FROM `activity` WHERE ( aid=3 ) LIMIT 1   [ RunTime:0.000186s ]
NOTIC: [8] Undefined variable: data /private/var/www/sport/Application/Home/Model/ActivityModel.class.php 第 94 行.
SQL: UPDATE `activity` SET `take_cnt`=3441 WHERE ( aid=3 ) [ RunTime:0.000196s ]

[ 2014-12-16T11:41:04+08:00 ] 127.0.0.1 /activity/detail/3
INFO: [ app_init ] --START--
INFO: Run Behavior\BuildLiteBehavior [ RunTime:0.000020s ]
INFO: [ app_init ] --END-- [ RunTime:0.000302s ]
INFO: [ app_begin ] --START--
INFO: Run Behavior\ReadHtmlCacheBehavior [ RunTime:0.000447s ]
INFO: [ app_begin ] --END-- [ RunTime:0.000565s ]
NOTIC: [8192] mysql_connect(): The mysql extension is deprecated and will be removed in the future: use mysqli or PDO instead /private/var/www/sport/ThinkPHP/Library/Think/Db/Driver/Mysql.class.php 第 52 行.
SQL: SHOW COLUMNS FROM `activity` [ RunTime:0.004754s ]
SQL: SELECT `aid`,`activity_name`,`duration`,`start_time`,`end_time`,`alocation`,`lon`,`lat`,c.ccontent atype,`cityarea2show`,`price`,`pricetype`,`acontent`,s.sport_name,`follow_cnt`,`take_cnt`,`equipment_take`,`equipment_got`,`aimax_url`,u.username FROM `activity`  LEFT JOIN constants c ON c.cvalue = activity.activity_type  LEFT JOIN user u ON u.uid = activity.creator  LEFT JOIN sport s ON s.sid = activity.sport_type  WHERE ( activity.status='P' AND c.module=1 AND activity.aid=3  )  [ RunTime:0.000470s ]
SQL: SHOW COLUMNS FROM `activity_comment` [ RunTime:0.002214s ]
SQL: SELECT activity_comment.acid,u.username,activity_comment.accontent,activity_comment.create_time,count(ac.acid) fcnt FROM `activity_comment`  LEFT JOIN user u ON u.uid = activity_comment.uid  LEFT JOIN activity_comment ac ON ac.pid = activity_comment.acid  WHERE ( activity_comment.deleted=0 AND (ac.deleted=0 OR ac.deleted is null)AND activity_comment.aid=3 AND activity_comment.pid=0  ) GROUP BY activity_comment.acid  [ RunTime:0.000380s ]
SQL: SHOW COLUMNS FROM `user_activity` [ RunTime:0.002037s ]
SQL: SELECT `type` FROM `user_activity` WHERE ( aid=3 AND uid=1  ) LIMIT 1   [ RunTime:0.000273s ]
INFO: [ view_parse ] --START--
INFO: [ template_filter ] --START--
INFO: Run Behavior\ContentReplaceBehavior [ RunTime:0.000091s ]
INFO: [ template_filter ] --END-- [ RunTime:0.000179s ]
NOTIC: [8] A non well formed numeric value encountered /private/var/www/sport/Application/Runtime/Cache/Home/f8356fb647bbe8f15c9f836a57b7821a.php 第 416 行.
NOTIC: [8] A non well formed numeric value encountered /private/var/www/sport/Application/Runtime/Cache/Home/f8356fb647bbe8f15c9f836a57b7821a.php 第 416 行.
INFO: Run Behavior\ParseTemplateBehavior [ RunTime:0.031133s ]
INFO: [ view_parse ] --END-- [ RunTime:0.031223s ]
INFO: [ view_filter ] --START--
INFO: Run Behavior\WriteHtmlCacheBehavior [ RunTime:0.000142s ]
INFO: [ view_filter ] --END-- [ RunTime:0.000210s ]
INFO: [ app_end ] --START--
INFO: Run Behavior\ShowPageTraceBehavior [ RunTime:0.000448s ]
INFO: [ app_end ] --END-- [ RunTime:0.000536s ]

[ 2014-12-16T11:41:11+08:00 ] 127.0.0.1 /activity/take?aid=3
INFO: [ app_init ] --START--
INFO: Run Behavior\BuildLiteBehavior [ RunTime:0.000030s ]
INFO: [ app_init ] --END-- [ RunTime:0.000470s ]
INFO: [ app_begin ] --START--
INFO: Run Behavior\ReadHtmlCacheBehavior [ RunTime:0.000427s ]
INFO: [ app_begin ] --END-- [ RunTime:0.000507s ]
NOTIC: [8192] mysql_connect(): The mysql extension is deprecated and will be removed in the future: use mysqli or PDO instead /private/var/www/sport/ThinkPHP/Library/Think/Db/Driver/Mysql.class.php 第 52 行.
SQL: SHOW COLUMNS FROM `activity` [ RunTime:0.013157s ]
SQL: SELECT count(*) cnt FROM `activity` WHERE ( aid=3 ) LIMIT 1   [ RunTime:0.000223s ]
SQL: SHOW COLUMNS FROM `user_activity` [ RunTime:0.002902s ]
SQL: SELECT `uaid` FROM `user_activity` WHERE ( aid=3 AND uid=1 AND type='F' ) LIMIT 1   [ RunTime:0.000356s ]
SQL: SELECT `uaid` FROM `user_activity` WHERE ( aid=3 AND uid=1 AND type='T' ) LIMIT 1   [ RunTime:0.000318s ]
SQL: INSERT INTO `user_activity` (`uid`,`aid`,`type`) VALUES (1,3,'T') [ RunTime:0.000269s ]
SQL: SELECT `take_cnt` FROM `activity` WHERE ( aid=3 ) LIMIT 1   [ RunTime:0.000330s ]
SQL: UPDATE `activity` SET `take_cnt`=3442 WHERE ( aid=3 ) [ RunTime:0.000265s ]

[ 2014-12-16T11:42:57+08:00 ] 127.0.0.1 /activity/detail/3
INFO: [ app_init ] --START--
INFO: Run Behavior\BuildLiteBehavior [ RunTime:0.000025s ]
INFO: [ app_init ] --END-- [ RunTime:0.000686s ]
INFO: [ app_begin ] --START--
INFO: Run Behavior\ReadHtmlCacheBehavior [ RunTime:0.000978s ]
INFO: [ app_begin ] --END-- [ RunTime:0.001129s ]
NOTIC: [8192] mysql_connect(): The mysql extension is deprecated and will be removed in the future: use mysqli or PDO instead /private/var/www/sport/ThinkPHP/Library/Think/Db/Driver/Mysql.class.php 第 52 行.
SQL: SHOW COLUMNS FROM `activity` [ RunTime:0.005155s ]
SQL: SELECT `aid`,`activity_name`,`duration`,`start_time`,`end_time`,`alocation`,`lon`,`lat`,c.ccontent atype,`cityarea2show`,`price`,`pricetype`,`acontent`,s.sport_name,`follow_cnt`,`take_cnt`,`equipment_take`,`equipment_got`,`aimax_url`,u.username FROM `activity`  LEFT JOIN constants c ON c.cvalue = activity.activity_type  LEFT JOIN user u ON u.uid = activity.creator  LEFT JOIN sport s ON s.sid = activity.sport_type  WHERE ( activity.status='P' AND c.module=1 AND activity.aid=3  )  [ RunTime:0.000478s ]
SQL: SHOW COLUMNS FROM `activity_comment` [ RunTime:0.002402s ]
SQL: SELECT activity_comment.acid,u.username,activity_comment.accontent,activity_comment.create_time,count(ac.acid) fcnt FROM `activity_comment`  LEFT JOIN user u ON u.uid = activity_comment.uid  LEFT JOIN activity_comment ac ON ac.pid = activity_comment.acid  WHERE ( activity_comment.deleted=0 AND (ac.deleted=0 OR ac.deleted is null)AND activity_comment.aid=3 AND activity_comment.pid=0  ) GROUP BY activity_comment.acid  [ RunTime:0.000374s ]
SQL: SHOW COLUMNS FROM `user_activity` [ RunTime:0.002530s ]
SQL: SELECT `type` FROM `user_activity` WHERE ( aid=3 AND uid=1  ) LIMIT 1   [ RunTime:0.001660s ]
INFO: [ view_parse ] --START--
INFO: [ template_filter ] --START--
INFO: Run Behavior\ContentReplaceBehavior [ RunTime:0.000089s ]
INFO: [ template_filter ] --END-- [ RunTime:0.000179s ]
NOTIC: [8] A non well formed numeric value encountered /private/var/www/sport/Application/Runtime/Cache/Home/f8356fb647bbe8f15c9f836a57b7821a.php 第 416 行.
NOTIC: [8] A non well formed numeric value encountered /private/var/www/sport/Application/Runtime/Cache/Home/f8356fb647bbe8f15c9f836a57b7821a.php 第 416 行.
INFO: Run Behavior\ParseTemplateBehavior [ RunTime:0.043539s ]
INFO: [ view_parse ] --END-- [ RunTime:0.043629s ]
INFO: [ view_filter ] --START--
INFO: Run Behavior\WriteHtmlCacheBehavior [ RunTime:0.000484s ]
INFO: [ view_filter ] --END-- [ RunTime:0.000561s ]
INFO: [ app_end ] --START--
INFO: Run Behavior\ShowPageTraceBehavior [ RunTime:0.001030s ]
INFO: [ app_end ] --END-- [ RunTime:0.001156s ]

[ 2014-12-16T11:42:59+08:00 ] 127.0.0.1 /activity/untake?aid=3
INFO: [ app_init ] --START--
INFO: Run Behavior\BuildLiteBehavior [ RunTime:0.000017s ]
INFO: [ app_init ] --END-- [ RunTime:0.000261s ]
INFO: [ app_begin ] --START--
INFO: Run Behavior\ReadHtmlCacheBehavior [ RunTime:0.000285s ]
INFO: [ app_begin ] --END-- [ RunTime:0.000348s ]
NOTIC: [8192] mysql_connect(): The mysql extension is deprecated and will be removed in the future: use mysqli or PDO instead /private/var/www/sport/ThinkPHP/Library/Think/Db/Driver/Mysql.class.php 第 52 行.
SQL: SHOW COLUMNS FROM `activity` [ RunTime:0.003597s ]
SQL: SHOW COLUMNS FROM `user_activity` [ RunTime:0.002082s ]
SQL: SELECT `uaid` FROM `user_activity` WHERE ( aid=3 AND uid=1 AND type='T' ) LIMIT 1   [ RunTime:0.000347s ]
SQL: DELETE FROM `user_activity` WHERE `uaid` = 48 [ RunTime:0.000235s ]
SQL: SELECT `take_cnt` FROM `activity` WHERE ( aid=3 ) LIMIT 1   [ RunTime:0.000185s ]
NOTIC: [8] Undefined variable: data /private/var/www/sport/Application/Home/Model/ActivityModel.class.php 第 94 行.
SQL: UPDATE `activity` SET `take_cnt`=3441 WHERE ( aid=3 ) [ RunTime:0.000201s ]

[ 2014-12-16T11:43:00+08:00 ] 127.0.0.1 /activity/detail/3
INFO: [ app_init ] --START--
INFO: Run Behavior\BuildLiteBehavior [ RunTime:0.000019s ]
INFO: [ app_init ] --END-- [ RunTime:0.000273s ]
INFO: [ app_begin ] --START--
INFO: Run Behavior\ReadHtmlCacheBehavior [ RunTime:0.000305s ]
INFO: [ app_begin ] --END-- [ RunTime:0.000382s ]
NOTIC: [8192] mysql_connect(): The mysql extension is deprecated and will be removed in the future: use mysqli or PDO instead /private/var/www/sport/ThinkPHP/Library/Think/Db/Driver/Mysql.class.php 第 52 行.
SQL: SHOW COLUMNS FROM `activity` [ RunTime:0.005715s ]
SQL: SELECT `aid`,`activity_name`,`duration`,`start_time`,`end_time`,`alocation`,`lon`,`lat`,c.ccontent atype,`cityarea2show`,`price`,`pricetype`,`acontent`,s.sport_name,`follow_cnt`,`take_cnt`,`equipment_take`,`equipment_got`,`aimax_url`,u.username FROM `activity`  LEFT JOIN constants c ON c.cvalue = activity.activity_type  LEFT JOIN user u ON u.uid = activity.creator  LEFT JOIN sport s ON s.sid = activity.sport_type  WHERE ( activity.status='P' AND c.module=1 AND activity.aid=3  )  [ RunTime:0.000379s ]
SQL: SHOW COLUMNS FROM `activity_comment` [ RunTime:0.002126s ]
SQL: SELECT activity_comment.acid,u.username,activity_comment.accontent,activity_comment.create_time,count(ac.acid) fcnt FROM `activity_comment`  LEFT JOIN user u ON u.uid = activity_comment.uid  LEFT JOIN activity_comment ac ON ac.pid = activity_comment.acid  WHERE ( activity_comment.deleted=0 AND (ac.deleted=0 OR ac.deleted is null)AND activity_comment.aid=3 AND activity_comment.pid=0  ) GROUP BY activity_comment.acid  [ RunTime:0.000404s ]
SQL: SHOW COLUMNS FROM `user_activity` [ RunTime:0.002261s ]
SQL: SELECT `type` FROM `user_activity` WHERE ( aid=3 AND uid=1  ) LIMIT 1   [ RunTime:0.000241s ]
INFO: [ view_parse ] --START--
INFO: [ template_filter ] --START--
INFO: Run Behavior\ContentReplaceBehavior [ RunTime:0.000088s ]
INFO: [ template_filter ] --END-- [ RunTime:0.000170s ]
NOTIC: [8] A non well formed numeric value encountered /private/var/www/sport/Application/Runtime/Cache/Home/f8356fb647bbe8f15c9f836a57b7821a.php 第 416 行.
NOTIC: [8] A non well formed numeric value encountered /private/var/www/sport/Application/Runtime/Cache/Home/f8356fb647bbe8f15c9f836a57b7821a.php 第 416 行.
INFO: Run Behavior\ParseTemplateBehavior [ RunTime:0.030323s ]
INFO: [ view_parse ] --END-- [ RunTime:0.030410s ]
INFO: [ view_filter ] --START--
INFO: Run Behavior\WriteHtmlCacheBehavior [ RunTime:0.000140s ]
INFO: [ view_filter ] --END-- [ RunTime:0.000207s ]
INFO: [ app_end ] --START--
INFO: Run Behavior\ShowPageTraceBehavior [ RunTime:0.000381s ]
INFO: [ app_end ] --END-- [ RunTime:0.000491s ]

[ 2014-12-16T11:44:18+08:00 ] 127.0.0.1 /activity/detail/3
INFO: [ app_init ] --START--
INFO: Run Behavior\BuildLiteBehavior [ RunTime:0.000024s ]
INFO: [ app_init ] --END-- [ RunTime:0.000580s ]
INFO: [ app_begin ] --START--
INFO: Run Behavior\ReadHtmlCacheBehavior [ RunTime:0.000906s ]
INFO: [ app_begin ] --END-- [ RunTime:0.001020s ]
NOTIC: [8192] mysql_connect(): The mysql extension is deprecated and will be removed in the future: use mysqli or PDO instead /private/var/www/sport/ThinkPHP/Library/Think/Db/Driver/Mysql.class.php 第 52 行.
SQL: SHOW COLUMNS FROM `activity` [ RunTime:0.003729s ]
SQL: SELECT `aid`,`activity_name`,`duration`,`start_time`,`end_time`,`alocation`,`lon`,`lat`,c.ccontent atype,`cityarea2show`,`price`,`pricetype`,`acontent`,s.sport_name,`follow_cnt`,`take_cnt`,`equipment_take`,`equipment_got`,`aimax_url`,u.username FROM `activity`  LEFT JOIN constants c ON c.cvalue = activity.activity_type  LEFT JOIN user u ON u.uid = activity.creator  LEFT JOIN sport s ON s.sid = activity.sport_type  WHERE ( activity.status='P' AND c.module=1 AND activity.aid=3  )  [ RunTime:0.000452s ]
SQL: SHOW COLUMNS FROM `activity_comment` [ RunTime:0.002811s ]
SQL: SELECT activity_comment.acid,u.username,activity_comment.accontent,activity_comment.create_time,count(ac.acid) fcnt FROM `activity_comment`  LEFT JOIN user u ON u.uid = activity_comment.uid  LEFT JOIN activity_comment ac ON ac.pid = activity_comment.acid  WHERE ( activity_comment.deleted=0 AND (ac.deleted=0 OR ac.deleted is null)AND activity_comment.aid=3 AND activity_comment.pid=0  ) GROUP BY activity_comment.acid  [ RunTime:0.000396s ]
SQL: SHOW COLUMNS FROM `user_activity` [ RunTime:0.002218s ]
SQL: SELECT `type` FROM `user_activity` WHERE ( aid=3 AND uid=1  ) LIMIT 1   [ RunTime:0.000213s ]
INFO: [ view_parse ] --START--
INFO: [ template_filter ] --START--
INFO: Run Behavior\ContentReplaceBehavior [ RunTime:0.000101s ]
INFO: [ template_filter ] --END-- [ RunTime:0.000194s ]
NOTIC: [8] A non well formed numeric value encountered /private/var/www/sport/Application/Runtime/Cache/Home/f8356fb647bbe8f15c9f836a57b7821a.php 第 416 行.
NOTIC: [8] A non well formed numeric value encountered /private/var/www/sport/Application/Runtime/Cache/Home/f8356fb647bbe8f15c9f836a57b7821a.php 第 416 行.
INFO: Run Behavior\ParseTemplateBehavior [ RunTime:0.045245s ]
INFO: [ view_parse ] --END-- [ RunTime:0.045353s ]
INFO: [ view_filter ] --START--
INFO: Run Behavior\WriteHtmlCacheBehavior [ RunTime:0.000523s ]
INFO: [ view_filter ] --END-- [ RunTime:0.000633s ]
INFO: [ app_end ] --START--
INFO: Run Behavior\ShowPageTraceBehavior [ RunTime:0.001441s ]
INFO: [ app_end ] --END-- [ RunTime:0.001692s ]

[ 2014-12-16T11:44:20+08:00 ] 127.0.0.1 /activity/take?aid=3
INFO: [ app_init ] --START--
INFO: Run Behavior\BuildLiteBehavior [ RunTime:0.000019s ]
INFO: [ app_init ] --END-- [ RunTime:0.000352s ]
INFO: [ app_begin ] --START--
INFO: Run Behavior\ReadHtmlCacheBehavior [ RunTime:0.000358s ]
INFO: [ app_begin ] --END-- [ RunTime:0.000435s ]
NOTIC: [8192] mysql_connect(): The mysql extension is deprecated and will be removed in the future: use mysqli or PDO instead /private/var/www/sport/ThinkPHP/Library/Think/Db/Driver/Mysql.class.php 第 52 行.
SQL: SHOW COLUMNS FROM `activity` [ RunTime:0.003353s ]
SQL: SELECT count(*) cnt FROM `activity` WHERE ( aid=3 ) LIMIT 1   [ RunTime:0.000232s ]
SQL: SHOW COLUMNS FROM `user_activity` [ RunTime:0.002448s ]
SQL: SELECT `uaid` FROM `user_activity` WHERE ( aid=3 AND uid=1 AND type='F' ) LIMIT 1   [ RunTime:0.000248s ]
SQL: SELECT `uaid` FROM `user_activity` WHERE ( aid=3 AND uid=1 AND type='T' ) LIMIT 1   [ RunTime:0.000196s ]
SQL: INSERT INTO `user_activity` (`uid`,`aid`,`type`) VALUES (1,3,'T') [ RunTime:0.000187s ]
SQL: SELECT `take_cnt` FROM `activity` WHERE ( aid=3 ) LIMIT 1   [ RunTime:0.000240s ]
SQL: UPDATE `activity` SET `take_cnt`=3442 WHERE ( aid=3 ) [ RunTime:0.000224s ]

[ 2014-12-16T11:46:06+08:00 ] 127.0.0.1 /activity/detail/3
INFO: [ app_init ] --START--
INFO: Run Behavior\BuildLiteBehavior [ RunTime:0.000038s ]
INFO: [ app_init ] --END-- [ RunTime:0.000977s ]
INFO: [ app_begin ] --START--
INFO: Run Behavior\ReadHtmlCacheBehavior [ RunTime:0.000995s ]
INFO: [ app_begin ] --END-- [ RunTime:0.001111s ]
NOTIC: [8192] mysql_connect(): The mysql extension is deprecated and will be removed in the future: use mysqli or PDO instead /private/var/www/sport/ThinkPHP/Library/Think/Db/Driver/Mysql.class.php 第 52 行.
SQL: SHOW COLUMNS FROM `activity` [ RunTime:0.003599s ]
SQL: SELECT `aid`,`activity_name`,`duration`,`start_time`,`end_time`,`alocation`,`lon`,`lat`,c.ccontent atype,`cityarea2show`,`price`,`pricetype`,`acontent`,s.sport_name,`follow_cnt`,`take_cnt`,`equipment_take`,`equipment_got`,`aimax_url`,u.username FROM `activity`  LEFT JOIN constants c ON c.cvalue = activity.activity_type  LEFT JOIN user u ON u.uid = activity.creator  LEFT JOIN sport s ON s.sid = activity.sport_type  WHERE ( activity.status='P' AND c.module=1 AND activity.aid=3  )  [ RunTime:0.000548s ]
SQL: SHOW COLUMNS FROM `activity_comment` [ RunTime:0.002751s ]
SQL: SELECT activity_comment.acid,u.username,activity_comment.accontent,activity_comment.create_time,count(ac.acid) fcnt FROM `activity_comment`  LEFT JOIN user u ON u.uid = activity_comment.uid  LEFT JOIN activity_comment ac ON ac.pid = activity_comment.acid  WHERE ( activity_comment.deleted=0 AND (ac.deleted=0 OR ac.deleted is null)AND activity_comment.aid=3 AND activity_comment.pid=0  ) GROUP BY activity_comment.acid  [ RunTime:0.000419s ]
SQL: SHOW COLUMNS FROM `user_activity` [ RunTime:0.002799s ]
SQL: SELECT `type` FROM `user_activity` WHERE ( aid=3 AND uid=1  ) LIMIT 1   [ RunTime:0.000393s ]
INFO: [ view_parse ] --START--
INFO: [ template_filter ] --START--
INFO: Run Behavior\ContentReplaceBehavior [ RunTime:0.000092s ]
INFO: [ template_filter ] --END-- [ RunTime:0.000180s ]
NOTIC: [8] A non well formed numeric value encountered /private/var/www/sport/Application/Runtime/Cache/Home/f8356fb647bbe8f15c9f836a57b7821a.php 第 421 行.
NOTIC: [8] A non well formed numeric value encountered /private/var/www/sport/Application/Runtime/Cache/Home/f8356fb647bbe8f15c9f836a57b7821a.php 第 421 行.
INFO: Run Behavior\ParseTemplateBehavior [ RunTime:0.044577s ]
INFO: [ view_parse ] --END-- [ RunTime:0.044687s ]
INFO: [ view_filter ] --START--
INFO: Run Behavior\WriteHtmlCacheBehavior [ RunTime:0.000520s ]
INFO: [ view_filter ] --END-- [ RunTime:0.000603s ]
INFO: [ app_end ] --START--
INFO: Run Behavior\ShowPageTraceBehavior [ RunTime:0.000787s ]
INFO: [ app_end ] --END-- [ RunTime:0.000908s ]

[ 2014-12-16T11:46:09+08:00 ] 127.0.0.1 /activity/untake?aid=3
INFO: [ app_init ] --START--
INFO: Run Behavior\BuildLiteBehavior [ RunTime:0.000019s ]
INFO: [ app_init ] --END-- [ RunTime:0.000294s ]
INFO: [ app_begin ] --START--
INFO: Run Behavior\ReadHtmlCacheBehavior [ RunTime:0.000298s ]
INFO: [ app_begin ] --END-- [ RunTime:0.000371s ]
NOTIC: [8192] mysql_connect(): The mysql extension is deprecated and will be removed in the future: use mysqli or PDO instead /private/var/www/sport/ThinkPHP/Library/Think/Db/Driver/Mysql.class.php 第 52 行.
SQL: SHOW COLUMNS FROM `activity` [ RunTime:0.012495s ]
SQL: SHOW COLUMNS FROM `user_activity` [ RunTime:0.002150s ]
SQL: SELECT `uaid` FROM `user_activity` WHERE ( aid=3 AND uid=1 AND type='T' ) LIMIT 1   [ RunTime:0.000260s ]
SQL: DELETE FROM `user_activity` WHERE `uaid` = 49 [ RunTime:0.000193s ]
SQL: SELECT `take_cnt` FROM `activity` WHERE ( aid=3 ) LIMIT 1   [ RunTime:0.000190s ]
NOTIC: [8] Undefined variable: data /private/var/www/sport/Application/Home/Model/ActivityModel.class.php 第 94 行.
SQL: UPDATE `activity` SET `take_cnt`=3441 WHERE ( aid=3 ) [ RunTime:0.000197s ]

[ 2014-12-16T11:46:54+08:00 ] 127.0.0.1 /activity/detail/3
INFO: [ app_init ] --START--
INFO: Run Behavior\BuildLiteBehavior [ RunTime:0.000036s ]
INFO: [ app_init ] --END-- [ RunTime:0.000850s ]
INFO: [ app_begin ] --START--
INFO: Run Behavior\ReadHtmlCacheBehavior [ RunTime:0.001251s ]
INFO: [ app_begin ] --END-- [ RunTime:0.001420s ]
NOTIC: [8192] mysql_connect(): The mysql extension is deprecated and will be removed in the future: use mysqli or PDO instead /private/var/www/sport/ThinkPHP/Library/Think/Db/Driver/Mysql.class.php 第 52 行.
SQL: SHOW COLUMNS FROM `activity` [ RunTime:0.003805s ]
SQL: SELECT `aid`,`activity_name`,`duration`,`start_time`,`end_time`,`alocation`,`lon`,`lat`,c.ccontent atype,`cityarea2show`,`price`,`pricetype`,`acontent`,s.sport_name,`follow_cnt`,`take_cnt`,`equipment_take`,`equipment_got`,`aimax_url`,u.username FROM `activity`  LEFT JOIN constants c ON c.cvalue = activity.activity_type  LEFT JOIN user u ON u.uid = activity.creator  LEFT JOIN sport s ON s.sid = activity.sport_type  WHERE ( activity.status='P' AND c.module=1 AND activity.aid=3  )  [ RunTime:0.000410s ]
SQL: SHOW COLUMNS FROM `activity_comment` [ RunTime:0.002120s ]
SQL: SELECT activity_comment.acid,u.username,activity_comment.accontent,activity_comment.create_time,count(ac.acid) fcnt FROM `activity_comment`  LEFT JOIN user u ON u.uid = activity_comment.uid  LEFT JOIN activity_comment ac ON ac.pid = activity_comment.acid  WHERE ( activity_comment.deleted=0 AND (ac.deleted=0 OR ac.deleted is null)AND activity_comment.aid=3 AND activity_comment.pid=0  ) GROUP BY activity_comment.acid  [ RunTime:0.000384s ]
SQL: SHOW COLUMNS FROM `user_activity` [ RunTime:0.002104s ]
SQL: SELECT `type` FROM `user_activity` WHERE ( aid=3 AND uid=1  ) LIMIT 1   [ RunTime:0.000228s ]
INFO: [ view_parse ] --START--
INFO: [ template_filter ] --START--
INFO: Run Behavior\ContentReplaceBehavior [ RunTime:0.000102s ]
INFO: [ template_filter ] --END-- [ RunTime:0.000194s ]
NOTIC: [8] A non well formed numeric value encountered /private/var/www/sport/Application/Runtime/Cache/Home/f8356fb647bbe8f15c9f836a57b7821a.php 第 421 行.
NOTIC: [8] A non well formed numeric value encountered /private/var/www/sport/Application/Runtime/Cache/Home/f8356fb647bbe8f15c9f836a57b7821a.php 第 421 行.
INFO: Run Behavior\ParseTemplateBehavior [ RunTime:0.042351s ]
INFO: [ view_parse ] --END-- [ RunTime:0.042431s ]
INFO: [ view_filter ] --START--
INFO: Run Behavior\WriteHtmlCacheBehavior [ RunTime:0.000474s ]
INFO: [ view_filter ] --END-- [ RunTime:0.000551s ]
INFO: [ app_end ] --START--
INFO: Run Behavior\ShowPageTraceBehavior [ RunTime:0.000749s ]
INFO: [ app_end ] --END-- [ RunTime:0.000834s ]

[ 2014-12-16T11:46:56+08:00 ] 127.0.0.1 /activity/take?aid=3
INFO: [ app_init ] --START--
INFO: Run Behavior\BuildLiteBehavior [ RunTime:0.000018s ]
INFO: [ app_init ] --END-- [ RunTime:0.000268s ]
INFO: [ app_begin ] --START--
INFO: Run Behavior\ReadHtmlCacheBehavior [ RunTime:0.000320s ]
INFO: [ app_begin ] --END-- [ RunTime:0.000402s ]
NOTIC: [8192] mysql_connect(): The mysql extension is deprecated and will be removed in the future: use mysqli or PDO instead /private/var/www/sport/ThinkPHP/Library/Think/Db/Driver/Mysql.class.php 第 52 行.
SQL: SHOW COLUMNS FROM `activity` [ RunTime:0.004637s ]
SQL: SELECT count(*) cnt FROM `activity` WHERE ( aid=3 ) LIMIT 1   [ RunTime:0.000305s ]
SQL: SHOW COLUMNS FROM `user_activity` [ RunTime:0.002592s ]
SQL: SELECT `uaid` FROM `user_activity` WHERE ( aid=3 AND uid=1 AND type='F' ) LIMIT 1   [ RunTime:0.000229s ]
SQL: SELECT `uaid` FROM `user_activity` WHERE ( aid=3 AND uid=1 AND type='T' ) LIMIT 1   [ RunTime:0.000198s ]
SQL: INSERT INTO `user_activity` (`uid`,`aid`,`type`) VALUES (1,3,'T') [ RunTime:0.000551s ]
SQL: SELECT `take_cnt` FROM `activity` WHERE ( aid=3 ) LIMIT 1   [ RunTime:0.000236s ]
SQL: UPDATE `activity` SET `take_cnt`=3442 WHERE ( aid=3 ) [ RunTime:0.000177s ]

[ 2014-12-16T11:46:57+08:00 ] 127.0.0.1 /activity/untake?aid=3
INFO: [ app_init ] --START--
INFO: Run Behavior\BuildLiteBehavior [ RunTime:0.000021s ]
INFO: [ app_init ] --END-- [ RunTime:0.000321s ]
INFO: [ app_begin ] --START--
INFO: Run Behavior\ReadHtmlCacheBehavior [ RunTime:0.000350s ]
INFO: [ app_begin ] --END-- [ RunTime:0.000427s ]
NOTIC: [8192] mysql_connect(): The mysql extension is deprecated and will be removed in the future: use mysqli or PDO instead /private/var/www/sport/ThinkPHP/Library/Think/Db/Driver/Mysql.class.php 第 52 行.
SQL: SHOW COLUMNS FROM `activity` [ RunTime:0.003215s ]
SQL: SHOW COLUMNS FROM `user_activity` [ RunTime:0.001863s ]
SQL: SELECT `uaid` FROM `user_activity` WHERE ( aid=3 AND uid=1 AND type='T' ) LIMIT 1   [ RunTime:0.000238s ]
SQL: DELETE FROM `user_activity` WHERE `uaid` = 50 [ RunTime:0.000206s ]
SQL: SELECT `take_cnt` FROM `activity` WHERE ( aid=3 ) LIMIT 1   [ RunTime:0.000187s ]
NOTIC: [8] Undefined variable: data /private/var/www/sport/Application/Home/Model/ActivityModel.class.php 第 94 行.
SQL: UPDATE `activity` SET `take_cnt`=3441 WHERE ( aid=3 ) [ RunTime:0.000196s ]

[ 2014-12-16T11:46:59+08:00 ] 127.0.0.1 /activity/follow?aid=3
DEBUG: follow cnt:41
[ 2014-12-16T11:46:59+08:00 ] 127.0.0.1 /activity/follow?aid=3
INFO: [ app_init ] --START--
INFO: Run Behavior\BuildLiteBehavior [ RunTime:0.000021s ]
INFO: [ app_init ] --END-- [ RunTime:0.000326s ]
INFO: [ app_begin ] --START--
INFO: Run Behavior\ReadHtmlCacheBehavior [ RunTime:0.000350s ]
INFO: [ app_begin ] --END-- [ RunTime:0.000427s ]
NOTIC: [8192] mysql_connect(): The mysql extension is deprecated and will be removed in the future: use mysqli or PDO instead /private/var/www/sport/ThinkPHP/Library/Think/Db/Driver/Mysql.class.php 第 52 行.
SQL: SHOW COLUMNS FROM `activity` [ RunTime:0.012505s ]
SQL: SELECT count(*) cnt FROM `activity` WHERE ( aid=3 ) LIMIT 1   [ RunTime:0.000812s ]
SQL: SHOW COLUMNS FROM `user_activity` [ RunTime:0.002175s ]
SQL: SELECT `uaid` FROM `user_activity` WHERE ( aid=3 AND uid=1 AND type='F' ) LIMIT 1   [ RunTime:0.000242s ]
SQL: INSERT INTO `user_activity` (`uid`,`aid`,`type`) VALUES (1,3,'F') [ RunTime:0.000198s ]
SQL: SELECT `follow_cnt` FROM `activity` WHERE ( aid=3 ) LIMIT 1   [ RunTime:0.000190s ]
SQL: UPDATE `activity` SET `follow_cnt`=41 WHERE ( aid=3 ) [ RunTime:0.000235s ]
NOTIC: [2] mkdir(): Invalid path /private/var/www/sport/ThinkPHP/Library/Think/Log/Driver/File.class.php 第 39 行.

[ 2014-12-16T11:47:03+08:00 ] 127.0.0.1 /activity/unfollow?aid=3
INFO: [ app_init ] --START--
INFO: Run Behavior\BuildLiteBehavior [ RunTime:0.000019s ]
INFO: [ app_init ] --END-- [ RunTime:0.000291s ]
INFO: [ app_begin ] --START--
INFO: Run Behavior\ReadHtmlCacheBehavior [ RunTime:0.000325s ]
INFO: [ app_begin ] --END-- [ RunTime:0.000436s ]
NOTIC: [8192] mysql_connect(): The mysql extension is deprecated and will be removed in the future: use mysqli or PDO instead /private/var/www/sport/ThinkPHP/Library/Think/Db/Driver/Mysql.class.php 第 52 行.
SQL: SHOW COLUMNS FROM `activity` [ RunTime:0.012268s ]
SQL: SHOW COLUMNS FROM `user_activity` [ RunTime:0.002145s ]
SQL: SELECT `uaid` FROM `user_activity` WHERE ( aid=3 AND uid=1 AND type='F' ) LIMIT 1   [ RunTime:0.000330s ]
SQL: DELETE FROM `user_activity` WHERE `uaid` = 51 [ RunTime:0.000204s ]
SQL: SELECT `follow_cnt` FROM `activity` WHERE ( aid=3 ) LIMIT 1   [ RunTime:0.000191s ]
NOTIC: [8] Undefined variable: data /private/var/www/sport/Application/Home/Model/ActivityModel.class.php 第 82 行.
SQL: UPDATE `activity` SET `follow_cnt`=40 WHERE ( aid=3 ) [ RunTime:0.000197s ]

[ 2014-12-16T11:47:05+08:00 ] 127.0.0.1 /activity/follow?aid=3
DEBUG: follow cnt:41
[ 2014-12-16T11:47:05+08:00 ] 127.0.0.1 /activity/follow?aid=3
INFO: [ app_init ] --START--
INFO: Run Behavior\BuildLiteBehavior [ RunTime:0.000020s ]
INFO: [ app_init ] --END-- [ RunTime:0.000308s ]
INFO: [ app_begin ] --START--
INFO: Run Behavior\ReadHtmlCacheBehavior [ RunTime:0.000299s ]
INFO: [ app_begin ] --END-- [ RunTime:0.000363s ]
NOTIC: [8192] mysql_connect(): The mysql extension is deprecated and will be removed in the future: use mysqli or PDO instead /private/var/www/sport/ThinkPHP/Library/Think/Db/Driver/Mysql.class.php 第 52 行.
SQL: SHOW COLUMNS FROM `activity` [ RunTime:0.012184s ]
SQL: SELECT count(*) cnt FROM `activity` WHERE ( aid=3 ) LIMIT 1   [ RunTime:0.000246s ]
SQL: SHOW COLUMNS FROM `user_activity` [ RunTime:0.002734s ]
SQL: SELECT `uaid` FROM `user_activity` WHERE ( aid=3 AND uid=1 AND type='F' ) LIMIT 1   [ RunTime:0.000229s ]
SQL: INSERT INTO `user_activity` (`uid`,`aid`,`type`) VALUES (1,3,'F') [ RunTime:0.000161s ]
SQL: SELECT `follow_cnt` FROM `activity` WHERE ( aid=3 ) LIMIT 1   [ RunTime:0.000160s ]
SQL: UPDATE `activity` SET `follow_cnt`=41 WHERE ( aid=3 ) [ RunTime:0.000188s ]
NOTIC: [2] mkdir(): Invalid path /private/var/www/sport/ThinkPHP/Library/Think/Log/Driver/File.class.php 第 39 行.

[ 2014-12-16T11:47:07+08:00 ] 127.0.0.1 /activity/take?aid=3
INFO: [ app_init ] --START--
INFO: Run Behavior\BuildLiteBehavior [ RunTime:0.000019s ]
INFO: [ app_init ] --END-- [ RunTime:0.000291s ]
INFO: [ app_begin ] --START--
INFO: Run Behavior\ReadHtmlCacheBehavior [ RunTime:0.000352s ]
INFO: [ app_begin ] --END-- [ RunTime:0.000429s ]
NOTIC: [8192] mysql_connect(): The mysql extension is deprecated and will be removed in the future: use mysqli or PDO instead /private/var/www/sport/ThinkPHP/Library/Think/Db/Driver/Mysql.class.php 第 52 行.
SQL: SHOW COLUMNS FROM `activity` [ RunTime:0.003020s ]
SQL: SELECT count(*) cnt FROM `activity` WHERE ( aid=3 ) LIMIT 1   [ RunTime:0.000193s ]
SQL: SHOW COLUMNS FROM `user_activity` [ RunTime:0.001913s ]
SQL: SELECT `uaid` FROM `user_activity` WHERE ( aid=3 AND uid=1 AND type='F' ) LIMIT 1   [ RunTime:0.000214s ]
SQL: SELECT `uaid` FROM `user_activity` WHERE ( aid=3 AND uid=1 AND type='T' ) LIMIT 1   [ RunTime:0.000189s ]
SQL: UPDATE `user_activity` SET `uaid`=52,`type`='T' WHERE ( uaid=52 ) [ RunTime:0.000227s ]
SQL: SELECT `follow_cnt` FROM `activity` WHERE ( aid=3 ) LIMIT 1   [ RunTime:0.000189s ]
NOTIC: [8] Undefined variable: data /private/var/www/sport/Application/Home/Model/ActivityModel.class.php 第 82 行.
SQL: UPDATE `activity` SET `follow_cnt`=40 WHERE ( aid=3 ) [ RunTime:0.000186s ]
SQL: SELECT `take_cnt` FROM `activity` WHERE ( aid=3 ) LIMIT 1   [ RunTime:0.000196s ]
SQL: UPDATE `activity` SET `take_cnt`=3442 WHERE ( aid=3 ) [ RunTime:0.000191s ]

[ 2014-12-16T11:47:09+08:00 ] 127.0.0.1 /activity/untake?aid=3
INFO: [ app_init ] --START--
INFO: Run Behavior\BuildLiteBehavior [ RunTime:0.000021s ]
INFO: [ app_init ] --END-- [ RunTime:0.000316s ]
INFO: [ app_begin ] --START--
INFO: Run Behavior\ReadHtmlCacheBehavior [ RunTime:0.000325s ]
INFO: [ app_begin ] --END-- [ RunTime:0.000397s ]
NOTIC: [8192] mysql_connect(): The mysql extension is deprecated and will be removed in the future: use mysqli or PDO instead /private/var/www/sport/ThinkPHP/Library/Think/Db/Driver/Mysql.class.php 第 52 行.
SQL: SHOW COLUMNS FROM `activity` [ RunTime:0.003389s ]
SQL: SHOW COLUMNS FROM `user_activity` [ RunTime:0.003093s ]
SQL: SELECT `uaid` FROM `user_activity` WHERE ( aid=3 AND uid=1 AND type='T' ) LIMIT 1   [ RunTime:0.000247s ]
SQL: DELETE FROM `user_activity` WHERE `uaid` = 52 [ RunTime:0.000198s ]
SQL: SELECT `take_cnt` FROM `activity` WHERE ( aid=3 ) LIMIT 1   [ RunTime:0.000186s ]
NOTIC: [8] Undefined variable: data /private/var/www/sport/Application/Home/Model/ActivityModel.class.php 第 94 行.
SQL: UPDATE `activity` SET `take_cnt`=3441 WHERE ( aid=3 ) [ RunTime:0.000194s ]

[ 2014-12-16T11:47:12+08:00 ] 127.0.0.1 /activity/detail/3
INFO: [ app_init ] --START--
INFO: Run Behavior\BuildLiteBehavior [ RunTime:0.000016s ]
INFO: [ app_init ] --END-- [ RunTime:0.000262s ]
INFO: [ app_begin ] --START--
INFO: Run Behavior\ReadHtmlCacheBehavior [ RunTime:0.000282s ]
INFO: [ app_begin ] --END-- [ RunTime:0.000355s ]
NOTIC: [8192] mysql_connect(): The mysql extension is deprecated and will be removed in the future: use mysqli or PDO instead /private/var/www/sport/ThinkPHP/Library/Think/Db/Driver/Mysql.class.php 第 52 行.
SQL: SHOW COLUMNS FROM `activity` [ RunTime:0.012050s ]
SQL: SELECT `aid`,`activity_name`,`duration`,`start_time`,`end_time`,`alocation`,`lon`,`lat`,c.ccontent atype,`cityarea2show`,`price`,`pricetype`,`acontent`,s.sport_name,`follow_cnt`,`take_cnt`,`equipment_take`,`equipment_got`,`aimax_url`,u.username FROM `activity`  LEFT JOIN constants c ON c.cvalue = activity.activity_type  LEFT JOIN user u ON u.uid = activity.creator  LEFT JOIN sport s ON s.sid = activity.sport_type  WHERE ( activity.status='P' AND c.module=1 AND activity.aid=3  )  [ RunTime:0.000488s ]
SQL: SHOW COLUMNS FROM `activity_comment` [ RunTime:0.002857s ]
SQL: SELECT activity_comment.acid,u.username,activity_comment.accontent,activity_comment.create_time,count(ac.acid) fcnt FROM `activity_comment`  LEFT JOIN user u ON u.uid = activity_comment.uid  LEFT JOIN activity_comment ac ON ac.pid = activity_comment.acid  WHERE ( activity_comment.deleted=0 AND (ac.deleted=0 OR ac.deleted is null)AND activity_comment.aid=3 AND activity_comment.pid=0  ) GROUP BY activity_comment.acid  [ RunTime:0.000415s ]
SQL: SHOW COLUMNS FROM `user_activity` [ RunTime:0.001974s ]
SQL: SELECT `type` FROM `user_activity` WHERE ( aid=3 AND uid=1  ) LIMIT 1   [ RunTime:0.000232s ]
INFO: [ view_parse ] --START--
INFO: [ template_filter ] --START--
INFO: Run Behavior\ContentReplaceBehavior [ RunTime:0.000093s ]
INFO: [ template_filter ] --END-- [ RunTime:0.000178s ]
NOTIC: [8] A non well formed numeric value encountered /private/var/www/sport/Application/Runtime/Cache/Home/f8356fb647bbe8f15c9f836a57b7821a.php 第 421 行.
NOTIC: [8] A non well formed numeric value encountered /private/var/www/sport/Application/Runtime/Cache/Home/f8356fb647bbe8f15c9f836a57b7821a.php 第 421 行.
INFO: Run Behavior\ParseTemplateBehavior [ RunTime:0.031953s ]
INFO: [ view_parse ] --END-- [ RunTime:0.032038s ]
INFO: [ view_filter ] --START--
INFO: Run Behavior\WriteHtmlCacheBehavior [ RunTime:0.000138s ]
INFO: [ view_filter ] --END-- [ RunTime:0.000204s ]
INFO: [ app_end ] --START--
INFO: Run Behavior\ShowPageTraceBehavior [ RunTime:0.000383s ]
INFO: [ app_end ] --END-- [ RunTime:0.000474s ]

[ 2014-12-16T11:47:16+08:00 ] 127.0.0.1 /activity/follow?aid=3
DEBUG: follow cnt:41
[ 2014-12-16T11:47:16+08:00 ] 127.0.0.1 /activity/follow?aid=3
INFO: [ app_init ] --START--
INFO: Run Behavior\BuildLiteBehavior [ RunTime:0.000018s ]
INFO: [ app_init ] --END-- [ RunTime:0.000275s ]
INFO: [ app_begin ] --START--
INFO: Run Behavior\ReadHtmlCacheBehavior [ RunTime:0.000321s ]
INFO: [ app_begin ] --END-- [ RunTime:0.000393s ]
NOTIC: [8192] mysql_connect(): The mysql extension is deprecated and will be removed in the future: use mysqli or PDO instead /private/var/www/sport/ThinkPHP/Library/Think/Db/Driver/Mysql.class.php 第 52 行.
SQL: SHOW COLUMNS FROM `activity` [ RunTime:0.009331s ]
SQL: SELECT count(*) cnt FROM `activity` WHERE ( aid=3 ) LIMIT 1   [ RunTime:0.000227s ]
SQL: SHOW COLUMNS FROM `user_activity` [ RunTime:0.002898s ]
SQL: SELECT `uaid` FROM `user_activity` WHERE ( aid=3 AND uid=1 AND type='F' ) LIMIT 1   [ RunTime:0.000249s ]
SQL: INSERT INTO `user_activity` (`uid`,`aid`,`type`) VALUES (1,3,'F') [ RunTime:0.000194s ]
SQL: SELECT `follow_cnt` FROM `activity` WHERE ( aid=3 ) LIMIT 1   [ RunTime:0.000189s ]
SQL: UPDATE `activity` SET `follow_cnt`=41 WHERE ( aid=3 ) [ RunTime:0.000211s ]
NOTIC: [2] mkdir(): Invalid path /private/var/www/sport/ThinkPHP/Library/Think/Log/Driver/File.class.php 第 39 行.

[ 2014-12-16T11:47:17+08:00 ] 127.0.0.1 /activity/unfollow?aid=3
INFO: [ app_init ] --START--
INFO: Run Behavior\BuildLiteBehavior [ RunTime:0.000020s ]
INFO: [ app_init ] --END-- [ RunTime:0.000294s ]
INFO: [ app_begin ] --START--
INFO: Run Behavior\ReadHtmlCacheBehavior [ RunTime:0.000317s ]
INFO: [ app_begin ] --END-- [ RunTime:0.000389s ]
NOTIC: [8192] mysql_connect(): The mysql extension is deprecated and will be removed in the future: use mysqli or PDO instead /private/var/www/sport/ThinkPHP/Library/Think/Db/Driver/Mysql.class.php 第 52 行.
SQL: SHOW COLUMNS FROM `activity` [ RunTime:0.004032s ]
SQL: SHOW COLUMNS FROM `user_activity` [ RunTime:0.002124s ]
SQL: SELECT `uaid` FROM `user_activity` WHERE ( aid=3 AND uid=1 AND type='F' ) LIMIT 1   [ RunTime:0.000249s ]
SQL: DELETE FROM `user_activity` WHERE `uaid` = 53 [ RunTime:0.000216s ]
SQL: SELECT `follow_cnt` FROM `activity` WHERE ( aid=3 ) LIMIT 1   [ RunTime:0.000181s ]
NOTIC: [8] Undefined variable: data /private/var/www/sport/Application/Home/Model/ActivityModel.class.php 第 82 行.
SQL: UPDATE `activity` SET `follow_cnt`=40 WHERE ( aid=3 ) [ RunTime:0.000210s ]

[ 2014-12-16T11:47:19+08:00 ] 127.0.0.1 /activity/take?aid=3
INFO: [ app_init ] --START--
INFO: Run Behavior\BuildLiteBehavior [ RunTime:0.000021s ]
INFO: [ app_init ] --END-- [ RunTime:0.000316s ]
INFO: [ app_begin ] --START--
INFO: Run Behavior\ReadHtmlCacheBehavior [ RunTime:0.000365s ]
INFO: [ app_begin ] --END-- [ RunTime:0.000443s ]
NOTIC: [8192] mysql_connect(): The mysql extension is deprecated and will be removed in the future: use mysqli or PDO instead /private/var/www/sport/ThinkPHP/Library/Think/Db/Driver/Mysql.class.php 第 52 行.
SQL: SHOW COLUMNS FROM `activity` [ RunTime:0.003990s ]
SQL: SELECT count(*) cnt FROM `activity` WHERE ( aid=3 ) LIMIT 1   [ RunTime:0.000314s ]
SQL: SHOW COLUMNS FROM `user_activity` [ RunTime:0.002702s ]
SQL: SELECT `uaid` FROM `user_activity` WHERE ( aid=3 AND uid=1 AND type='F' ) LIMIT 1   [ RunTime:0.000308s ]
SQL: SELECT `uaid` FROM `user_activity` WHERE ( aid=3 AND uid=1 AND type='T' ) LIMIT 1   [ RunTime:0.000192s ]
SQL: INSERT INTO `user_activity` (`uid`,`aid`,`type`) VALUES (1,3,'T') [ RunTime:0.000202s ]
SQL: SELECT `take_cnt` FROM `activity` WHERE ( aid=3 ) LIMIT 1   [ RunTime:0.000204s ]
SQL: UPDATE `activity` SET `take_cnt`=3442 WHERE ( aid=3 ) [ RunTime:0.000870s ]

[ 2014-12-16T11:47:20+08:00 ] 127.0.0.1 /activity/untake?aid=3
INFO: [ app_init ] --START--
INFO: Run Behavior\BuildLiteBehavior [ RunTime:0.000019s ]
INFO: [ app_init ] --END-- [ RunTime:0.000288s ]
INFO: [ app_begin ] --START--
INFO: Run Behavior\ReadHtmlCacheBehavior [ RunTime:0.000315s ]
INFO: [ app_begin ] --END-- [ RunTime:0.000385s ]
NOTIC: [8192] mysql_connect(): The mysql extension is deprecated and will be removed in the future: use mysqli or PDO instead /private/var/www/sport/ThinkPHP/Library/Think/Db/Driver/Mysql.class.php 第 52 行.
SQL: SHOW COLUMNS FROM `activity` [ RunTime:0.004449s ]
SQL: SHOW COLUMNS FROM `user_activity` [ RunTime:0.002825s ]
SQL: SELECT `uaid` FROM `user_activity` WHERE ( aid=3 AND uid=1 AND type='T' ) LIMIT 1   [ RunTime:0.000254s ]
SQL: DELETE FROM `user_activity` WHERE `uaid` = 54 [ RunTime:0.000201s ]
SQL: SELECT `take_cnt` FROM `activity` WHERE ( aid=3 ) LIMIT 1   [ RunTime:0.000197s ]
NOTIC: [8] Undefined variable: data /private/var/www/sport/Application/Home/Model/ActivityModel.class.php 第 94 行.
SQL: UPDATE `activity` SET `take_cnt`=3441 WHERE ( aid=3 ) [ RunTime:0.000198s ]

[ 2014-12-16T11:47:20+08:00 ] 127.0.0.1 /activity/follow?aid=3
DEBUG: follow cnt:41
[ 2014-12-16T11:47:20+08:00 ] 127.0.0.1 /activity/follow?aid=3
INFO: [ app_init ] --START--
INFO: Run Behavior\BuildLiteBehavior [ RunTime:0.000020s ]
INFO: [ app_init ] --END-- [ RunTime:0.000316s ]
INFO: [ app_begin ] --START--
INFO: Run Behavior\ReadHtmlCacheBehavior [ RunTime:0.000344s ]
INFO: [ app_begin ] --END-- [ RunTime:0.000421s ]
NOTIC: [8192] mysql_connect(): The mysql extension is deprecated and will be removed in the future: use mysqli or PDO instead /private/var/www/sport/ThinkPHP/Library/Think/Db/Driver/Mysql.class.php 第 52 行.
SQL: SHOW COLUMNS FROM `activity` [ RunTime:0.003136s ]
SQL: SELECT count(*) cnt FROM `activity` WHERE ( aid=3 ) LIMIT 1   [ RunTime:0.000223s ]
SQL: SHOW COLUMNS FROM `user_activity` [ RunTime:0.002456s ]
SQL: SELECT `uaid` FROM `user_activity` WHERE ( aid=3 AND uid=1 AND type='F' ) LIMIT 1   [ RunTime:0.000236s ]
SQL: INSERT INTO `user_activity` (`uid`,`aid`,`type`) VALUES (1,3,'F') [ RunTime:0.000176s ]
SQL: SELECT `follow_cnt` FROM `activity` WHERE ( aid=3 ) LIMIT 1   [ RunTime:0.000200s ]
SQL: UPDATE `activity` SET `follow_cnt`=41 WHERE ( aid=3 ) [ RunTime:0.000200s ]
NOTIC: [2] mkdir(): Invalid path /private/var/www/sport/ThinkPHP/Library/Think/Log/Driver/File.class.php 第 39 行.

[ 2014-12-16T11:47:21+08:00 ] 127.0.0.1 /activity/take?aid=3
INFO: [ app_init ] --START--
INFO: Run Behavior\BuildLiteBehavior [ RunTime:0.000019s ]
INFO: [ app_init ] --END-- [ RunTime:0.000297s ]
INFO: [ app_begin ] --START--
INFO: Run Behavior\ReadHtmlCacheBehavior [ RunTime:0.000321s ]
INFO: [ app_begin ] --END-- [ RunTime:0.000392s ]
NOTIC: [8192] mysql_connect(): The mysql extension is deprecated and will be removed in the future: use mysqli or PDO instead /private/var/www/sport/ThinkPHP/Library/Think/Db/Driver/Mysql.class.php 第 52 行.
SQL: SHOW COLUMNS FROM `activity` [ RunTime:0.002697s ]
SQL: SELECT count(*) cnt FROM `activity` WHERE ( aid=3 ) LIMIT 1   [ RunTime:0.000196s ]
SQL: SHOW COLUMNS FROM `user_activity` [ RunTime:0.002580s ]
SQL: SELECT `uaid` FROM `user_activity` WHERE ( aid=3 AND uid=1 AND type='F' ) LIMIT 1   [ RunTime:0.000222s ]
SQL: SELECT `uaid` FROM `user_activity` WHERE ( aid=3 AND uid=1 AND type='T' ) LIMIT 1   [ RunTime:0.000149s ]
SQL: UPDATE `user_activity` SET `uaid`=55,`type`='T' WHERE ( uaid=55 ) [ RunTime:0.001613s ]
SQL: SELECT `follow_cnt` FROM `activity` WHERE ( aid=3 ) LIMIT 1   [ RunTime:0.000235s ]
NOTIC: [8] Undefined variable: data /private/var/www/sport/Application/Home/Model/ActivityModel.class.php 第 82 行.
SQL: UPDATE `activity` SET `follow_cnt`=40 WHERE ( aid=3 ) [ RunTime:0.000202s ]
SQL: SELECT `take_cnt` FROM `activity` WHERE ( aid=3 ) LIMIT 1   [ RunTime:0.000160s ]
SQL: UPDATE `activity` SET `take_cnt`=3442 WHERE ( aid=3 ) [ RunTime:0.000155s ]

[ 2014-12-16T11:47:24+08:00 ] 127.0.0.1 /activity/untake?aid=3
INFO: [ app_init ] --START--
INFO: Run Behavior\BuildLiteBehavior [ RunTime:0.000022s ]
INFO: [ app_init ] --END-- [ RunTime:0.000430s ]
INFO: [ app_begin ] --START--
INFO: Run Behavior\ReadHtmlCacheBehavior [ RunTime:0.000536s ]
INFO: [ app_begin ] --END-- [ RunTime:0.000628s ]
NOTIC: [8192] mysql_connect(): The mysql extension is deprecated and will be removed in the future: use mysqli or PDO instead /private/var/www/sport/ThinkPHP/Library/Think/Db/Driver/Mysql.class.php 第 52 行.
SQL: SHOW COLUMNS FROM `activity` [ RunTime:0.004068s ]
SQL: SHOW COLUMNS FROM `user_activity` [ RunTime:0.002360s ]
SQL: SELECT `uaid` FROM `user_activity` WHERE ( aid=3 AND uid=1 AND type='T' ) LIMIT 1   [ RunTime:0.000213s ]
SQL: DELETE FROM `user_activity` WHERE `uaid` = 55 [ RunTime:0.000153s ]
SQL: SELECT `take_cnt` FROM `activity` WHERE ( aid=3 ) LIMIT 1   [ RunTime:0.000139s ]
NOTIC: [8] Undefined variable: data /private/var/www/sport/Application/Home/Model/ActivityModel.class.php 第 94 行.
SQL: UPDATE `activity` SET `take_cnt`=3441 WHERE ( aid=3 ) [ RunTime:0.000154s ]

[ 2014-12-16T11:47:30+08:00 ] 127.0.0.1 /activity/detail/3
INFO: [ app_init ] --START--
INFO: Run Behavior\BuildLiteBehavior [ RunTime:0.000019s ]
INFO: [ app_init ] --END-- [ RunTime:0.000268s ]
INFO: [ app_begin ] --START--
INFO: Run Behavior\ReadHtmlCacheBehavior [ RunTime:0.000330s ]
INFO: [ app_begin ] --END-- [ RunTime:0.000411s ]
NOTIC: [8192] mysql_connect(): The mysql extension is deprecated and will be removed in the future: use mysqli or PDO instead /private/var/www/sport/ThinkPHP/Library/Think/Db/Driver/Mysql.class.php 第 52 行.
SQL: SHOW COLUMNS FROM `activity` [ RunTime:0.011990s ]
SQL: SELECT `aid`,`activity_name`,`duration`,`start_time`,`end_time`,`alocation`,`lon`,`lat`,c.ccontent atype,`cityarea2show`,`price`,`pricetype`,`acontent`,s.sport_name,`follow_cnt`,`take_cnt`,`equipment_take`,`equipment_got`,`aimax_url`,u.username FROM `activity`  LEFT JOIN constants c ON c.cvalue = activity.activity_type  LEFT JOIN user u ON u.uid = activity.creator  LEFT JOIN sport s ON s.sid = activity.sport_type  WHERE ( activity.status='P' AND c.module=1 AND activity.aid=3  )  [ RunTime:0.000494s ]
SQL: SHOW COLUMNS FROM `activity_comment` [ RunTime:0.002819s ]
SQL: SELECT activity_comment.acid,u.username,activity_comment.accontent,activity_comment.create_time,count(ac.acid) fcnt FROM `activity_comment`  LEFT JOIN user u ON u.uid = activity_comment.uid  LEFT JOIN activity_comment ac ON ac.pid = activity_comment.acid  WHERE ( activity_comment.deleted=0 AND (ac.deleted=0 OR ac.deleted is null)AND activity_comment.aid=3 AND activity_comment.pid=0  ) GROUP BY activity_comment.acid  [ RunTime:0.000471s ]
SQL: SHOW COLUMNS FROM `user_activity` [ RunTime:0.002460s ]
SQL: SELECT `type` FROM `user_activity` WHERE ( aid=3 AND uid=1  ) LIMIT 1   [ RunTime:0.000312s ]
INFO: [ view_parse ] --START--
INFO: [ template_filter ] --START--
INFO: Run Behavior\ContentReplaceBehavior [ RunTime:0.000221s ]
INFO: [ template_filter ] --END-- [ RunTime:0.000337s ]
NOTIC: [8] A non well formed numeric value encountered /private/var/www/sport/Application/Runtime/Cache/Home/f8356fb647bbe8f15c9f836a57b7821a.php 第 421 行.
NOTIC: [8] A non well formed numeric value encountered /private/var/www/sport/Application/Runtime/Cache/Home/f8356fb647bbe8f15c9f836a57b7821a.php 第 421 行.
INFO: Run Behavior\ParseTemplateBehavior [ RunTime:0.038527s ]
INFO: [ view_parse ] --END-- [ RunTime:0.038629s ]
INFO: [ view_filter ] --START--
INFO: Run Behavior\WriteHtmlCacheBehavior [ RunTime:0.000171s ]
INFO: [ view_filter ] --END-- [ RunTime:0.000245s ]
INFO: [ app_end ] --START--
INFO: Run Behavior\ShowPageTraceBehavior [ RunTime:0.000484s ]
INFO: [ app_end ] --END-- [ RunTime:0.000572s ]

