[ 2014-12-17T10:09:53+08:00 ] 127.0.0.1 /
INFO: [ app_init ] --START--
INFO: Run Behavior\BuildLiteBehavior [ RunTime:0.000074s ]
INFO: [ app_init ] --END-- [ RunTime:0.002950s ]
INFO: [ app_begin ] --START--
INFO: Run Behavior\ReadHtmlCacheBehavior [ RunTime:0.003014s ]
INFO: [ app_begin ] --END-- [ RunTime:0.003133s ]

[ 2014-12-17T10:09:53+08:00 ] 127.0.0.1 /activity/index
INFO: [ app_init ] --START--
INFO: Run Behavior\BuildLiteBehavior [ RunTime:0.000034s ]
INFO: [ app_init ] --END-- [ RunTime:0.000430s ]
INFO: [ app_begin ] --START--
INFO: Run Behavior\ReadHtmlCacheBehavior [ RunTime:0.001276s ]
INFO: [ app_begin ] --END-- [ RunTime:0.001458s ]
NOTIC: [8192] mysql_connect(): The mysql extension is deprecated and will be removed in the future: use mysqli or PDO instead /private/var/www/sport/ThinkPHP/Library/Think/Db/Driver/Mysql.class.php 第 52 行.
SQL: SHOW COLUMNS FROM `activity` [ RunTime:0.033674s ]
SQL: SELECT `aid`,`activity_name`,`aimin_url` FROM `activity` WHERE ( status='P' ) ORDER BY follow_cnt LIMIT 4   [ RunTime:0.004071s ]
SQL: SELECT count(activity.aid) activity_cnt,`ccontent`,`cvalue` FROM `activity`  LEFT JOIN constants c ON c.cvalue = activity.activity_type  WHERE ( module=1 ) GROUP BY cvalue ORDER BY activity_cnt desc LIMIT 5   [ RunTime:0.004369s ]
SQL: SELECT `aid`,`activity_name`,`duration`,`start_time`,`end_time`,`alocation`,c.ccontent atype,`follow_cnt`,`aimin_url` FROM `activity`  LEFT JOIN constants c ON c.cvalue = activity.activity_type  WHERE ( status='P' AND c.module=1 AND activity.activity_type=2  )  [ RunTime:0.000660s ]
INFO: [ view_parse ] --START--
INFO: [ template_filter ] --START--
INFO: Run Behavior\ContentReplaceBehavior [ RunTime:0.000093s ]
INFO: [ template_filter ] --END-- [ RunTime:0.000182s ]
NOTIC: [8] Undefined variable: location /private/var/www/sport/Application/Runtime/Cache/Home/16b2b9ccd21bec5363182e3d5b88bd1e.php 第 168 行.
NOTIC: [8] Array to string conversion /private/var/www/sport/Application/Runtime/Cache/Home/16b2b9ccd21bec5363182e3d5b88bd1e.php 第 179 行.
NOTIC: [8] Use of undefined constant aid - assumed 'aid' /private/var/www/sport/Application/Runtime/Cache/Home/16b2b9ccd21bec5363182e3d5b88bd1e.php 第 179 行.
NOTIC: [8] Array to string conversion /private/var/www/sport/Application/Runtime/Cache/Home/16b2b9ccd21bec5363182e3d5b88bd1e.php 第 179 行.
NOTIC: [8] Use of undefined constant aid - assumed 'aid' /private/var/www/sport/Application/Runtime/Cache/Home/16b2b9ccd21bec5363182e3d5b88bd1e.php 第 179 行.
NOTIC: [8] Array to string conversion /private/var/www/sport/Application/Runtime/Cache/Home/16b2b9ccd21bec5363182e3d5b88bd1e.php 第 179 行.
NOTIC: [8] Use of undefined constant aid - assumed 'aid' /private/var/www/sport/Application/Runtime/Cache/Home/16b2b9ccd21bec5363182e3d5b88bd1e.php 第 179 行.
NOTIC: [8] Array to string conversion /private/var/www/sport/Application/Runtime/Cache/Home/16b2b9ccd21bec5363182e3d5b88bd1e.php 第 179 行.
NOTIC: [8] Use of undefined constant aid - assumed 'aid' /private/var/www/sport/Application/Runtime/Cache/Home/16b2b9ccd21bec5363182e3d5b88bd1e.php 第 179 行.
NOTIC: [8] Use of undefined constant start_time - assumed 'start_time' /private/var/www/sport/Application/Runtime/Cache/Home/16b2b9ccd21bec5363182e3d5b88bd1e.php 第 205 行.
NOTIC: [8] Array to string conversion /private/var/www/sport/Application/Runtime/Cache/Home/16b2b9ccd21bec5363182e3d5b88bd1e.php 第 205 行.
NOTIC: [8] Use of undefined constant start_time - assumed 'start_time' /private/var/www/sport/Application/Runtime/Cache/Home/16b2b9ccd21bec5363182e3d5b88bd1e.php 第 205 行.
NOTIC: [8] Array to string conversion /private/var/www/sport/Application/Runtime/Cache/Home/16b2b9ccd21bec5363182e3d5b88bd1e.php 第 205 行.
NOTIC: [8] Use of undefined constant start_time - assumed 'start_time' /private/var/www/sport/Application/Runtime/Cache/Home/16b2b9ccd21bec5363182e3d5b88bd1e.php 第 208 行.
NOTIC: [8] Array to string conversion /private/var/www/sport/Application/Runtime/Cache/Home/16b2b9ccd21bec5363182e3d5b88bd1e.php 第 208 行.
NOTIC: [8] Use of undefined constant end_time - assumed 'end_time' /private/var/www/sport/Application/Runtime/Cache/Home/16b2b9ccd21bec5363182e3d5b88bd1e.php 第 208 行.
NOTIC: [8] Array to string conversion /private/var/www/sport/Application/Runtime/Cache/Home/16b2b9ccd21bec5363182e3d5b88bd1e.php 第 208 行.
INFO: Run Behavior\ParseTemplateBehavior [ RunTime:0.060494s ]
INFO: [ view_parse ] --END-- [ RunTime:0.060595s ]
INFO: [ view_filter ] --START--
INFO: Run Behavior\WriteHtmlCacheBehavior [ RunTime:0.001051s ]
INFO: [ view_filter ] --END-- [ RunTime:0.001132s ]
INFO: [ app_end ] --START--
INFO: Run Behavior\ShowPageTraceBehavior [ RunTime:0.002818s ]
INFO: [ app_end ] --END-- [ RunTime:0.002939s ]

[ 2014-12-17T10:37:20+08:00 ] 127.0.0.1 /activity/detail/3
INFO: [ app_init ] --START--
INFO: Run Behavior\BuildLiteBehavior [ RunTime:0.000031s ]
INFO: [ app_init ] --END-- [ RunTime:0.001548s ]
INFO: [ app_begin ] --START--
INFO: Run Behavior\ReadHtmlCacheBehavior [ RunTime:0.000989s ]
INFO: [ app_begin ] --END-- [ RunTime:0.001137s ]
NOTIC: [8192] mysql_connect(): The mysql extension is deprecated and will be removed in the future: use mysqli or PDO instead /private/var/www/sport/ThinkPHP/Library/Think/Db/Driver/Mysql.class.php 第 52 行.
SQL: SHOW COLUMNS FROM `activity` [ RunTime:0.003794s ]
SQL: SELECT `aid`,`activity_name`,`duration`,`start_time`,`end_time`,`alocation`,`lon`,`lat`,c.ccontent atype,`cityarea2show`,`price`,`pricetype`,`acontent`,s.sport_name,`follow_cnt`,`take_cnt`,`equipment_take`,`equipment_got`,`aimax_url`,u.username FROM `activity`  LEFT JOIN constants c ON c.cvalue = activity.activity_type  LEFT JOIN user u ON u.uid = activity.creator  LEFT JOIN sport s ON s.sid = activity.sport_type  WHERE ( activity.status='P' AND c.module=1 AND activity.aid=3  )  [ RunTime:0.006629s ]
SQL: SHOW COLUMNS FROM `activity_comment` [ RunTime:0.004609s ]
SQL: SELECT activity_comment.acid,u.username,activity_comment.accontent,activity_comment.create_time,count(ac.acid) fcnt FROM `activity_comment`  LEFT JOIN user u ON u.uid = activity_comment.uid  LEFT JOIN activity_comment ac ON ac.pid = activity_comment.acid  WHERE ( activity_comment.deleted=0 AND (ac.deleted=0 OR ac.deleted is null)AND activity_comment.aid=3 AND activity_comment.pid=0  ) GROUP BY activity_comment.acid  [ RunTime:0.023210s ]
INFO: [ view_parse ] --START--
INFO: [ template_filter ] --START--
INFO: Run Behavior\ContentReplaceBehavior [ RunTime:0.000122s ]
INFO: [ template_filter ] --END-- [ RunTime:0.000222s ]
NOTIC: [8] A non well formed numeric value encountered /private/var/www/sport/Application/Runtime/Cache/Home/f8356fb647bbe8f15c9f836a57b7821a.php 第 421 行.
NOTIC: [8] A non well formed numeric value encountered /private/var/www/sport/Application/Runtime/Cache/Home/f8356fb647bbe8f15c9f836a57b7821a.php 第 421 行.
INFO: Run Behavior\ParseTemplateBehavior [ RunTime:0.070482s ]
INFO: [ view_parse ] --END-- [ RunTime:0.070588s ]
INFO: [ view_filter ] --START--
INFO: Run Behavior\WriteHtmlCacheBehavior [ RunTime:0.000906s ]
INFO: [ view_filter ] --END-- [ RunTime:0.001013s ]
INFO: [ app_end ] --START--
INFO: Run Behavior\ShowPageTraceBehavior [ RunTime:0.001361s ]
INFO: [ app_end ] --END-- [ RunTime:0.001485s ]

[ 2014-12-17T10:37:26+08:00 ] 127.0.0.1 /activity/detail/1
INFO: [ app_init ] --START--
INFO: Run Behavior\BuildLiteBehavior [ RunTime:0.000058s ]
INFO: [ app_init ] --END-- [ RunTime:0.001075s ]
INFO: [ app_begin ] --START--
INFO: Run Behavior\ReadHtmlCacheBehavior [ RunTime:0.000425s ]
INFO: [ app_begin ] --END-- [ RunTime:0.000550s ]
NOTIC: [8192] mysql_connect(): The mysql extension is deprecated and will be removed in the future: use mysqli or PDO instead /private/var/www/sport/ThinkPHP/Library/Think/Db/Driver/Mysql.class.php 第 52 行.
SQL: SHOW COLUMNS FROM `activity` [ RunTime:0.003768s ]
SQL: SELECT `aid`,`activity_name`,`duration`,`start_time`,`end_time`,`alocation`,`lon`,`lat`,c.ccontent atype,`cityarea2show`,`price`,`pricetype`,`acontent`,s.sport_name,`follow_cnt`,`take_cnt`,`equipment_take`,`equipment_got`,`aimax_url`,u.username FROM `activity`  LEFT JOIN constants c ON c.cvalue = activity.activity_type  LEFT JOIN user u ON u.uid = activity.creator  LEFT JOIN sport s ON s.sid = activity.sport_type  WHERE ( activity.status='P' AND c.module=1 AND activity.aid=1  )  [ RunTime:0.000533s ]
SQL: SHOW COLUMNS FROM `activity_comment` [ RunTime:0.002376s ]
SQL: SELECT activity_comment.acid,u.username,activity_comment.accontent,activity_comment.create_time,count(ac.acid) fcnt FROM `activity_comment`  LEFT JOIN user u ON u.uid = activity_comment.uid  LEFT JOIN activity_comment ac ON ac.pid = activity_comment.acid  WHERE ( activity_comment.deleted=0 AND (ac.deleted=0 OR ac.deleted is null)AND activity_comment.aid=1 AND activity_comment.pid=0  ) GROUP BY activity_comment.acid  [ RunTime:0.000464s ]
INFO: [ view_parse ] --START--
INFO: [ template_filter ] --START--
INFO: Run Behavior\ContentReplaceBehavior [ RunTime:0.000245s ]
INFO: [ template_filter ] --END-- [ RunTime:0.000377s ]
INFO: Run Behavior\ParseTemplateBehavior [ RunTime:0.038832s ]
INFO: [ view_parse ] --END-- [ RunTime:0.038951s ]
INFO: [ view_filter ] --START--
INFO: Run Behavior\WriteHtmlCacheBehavior [ RunTime:0.000191s ]
INFO: [ view_filter ] --END-- [ RunTime:0.000271s ]
INFO: [ app_end ] --START--
INFO: Run Behavior\ShowPageTraceBehavior [ RunTime:0.000430s ]
INFO: [ app_end ] --END-- [ RunTime:0.000525s ]

[ 2014-12-17T10:37:28+08:00 ] 127.0.0.1 /activitycomment/create?aid=1
INFO: [ app_init ] --START--
INFO: Run Behavior\BuildLiteBehavior [ RunTime:0.000029s ]
INFO: [ app_init ] --END-- [ RunTime:0.000461s ]
INFO: [ app_begin ] --START--
INFO: Run Behavior\ReadHtmlCacheBehavior [ RunTime:0.001717s ]
INFO: [ app_begin ] --END-- [ RunTime:0.002062s ]

[ 2014-12-17T11:26:50+08:00 ] 127.0.0.1 /activitycomment/create?aid=1
INFO: [ app_init ] --START--
INFO: Run Behavior\BuildLiteBehavior [ RunTime:0.000409s ]
INFO: [ app_init ] --END-- [ RunTime:0.001925s ]
INFO: [ app_begin ] --START--
INFO: Run Behavior\ReadHtmlCacheBehavior [ RunTime:0.001160s ]
INFO: [ app_begin ] --END-- [ RunTime:0.001319s ]
INFO: [ view_parse ] --START--
INFO: [ template_filter ] --START--
INFO: Run Behavior\ContentReplaceBehavior [ RunTime:0.000076s ]
INFO: [ template_filter ] --END-- [ RunTime:0.000166s ]
NOTIC: [8] Undefined variable: title /private/var/www/sport/Application/Runtime/Cache/Home/17d28365b8f1307fff56f7fe823f7ed5.php 第 6 行.
INFO: Run Behavior\ParseTemplateBehavior [ RunTime:0.062275s ]
INFO: [ view_parse ] --END-- [ RunTime:0.062458s ]
INFO: [ view_filter ] --START--
INFO: Run Behavior\WriteHtmlCacheBehavior [ RunTime:0.000929s ]
INFO: [ view_filter ] --END-- [ RunTime:0.001028s ]
INFO: [ app_end ] --START--
INFO: Run Behavior\ShowPageTraceBehavior [ RunTime:0.001075s ]
INFO: [ app_end ] --END-- [ RunTime:0.001171s ]

[ 2014-12-17T11:26:52+08:00 ] 127.0.0.1 /activitycomment/create?aid=1
INFO: [ app_init ] --START--
INFO: Run Behavior\BuildLiteBehavior [ RunTime:0.000038s ]
INFO: [ app_init ] --END-- [ RunTime:0.000535s ]
INFO: [ app_begin ] --START--
INFO: Run Behavior\ReadHtmlCacheBehavior [ RunTime:0.000578s ]
INFO: [ app_begin ] --END-- [ RunTime:0.000738s ]
INFO: [ view_parse ] --START--
INFO: [ template_filter ] --START--
INFO: Run Behavior\ContentReplaceBehavior [ RunTime:0.000059s ]
INFO: [ template_filter ] --END-- [ RunTime:0.000148s ]
NOTIC: [8] Undefined variable: title /private/var/www/sport/Application/Runtime/Cache/Home/17d28365b8f1307fff56f7fe823f7ed5.php 第 6 行.
INFO: Run Behavior\ParseTemplateBehavior [ RunTime:0.018242s ]
INFO: [ view_parse ] --END-- [ RunTime:0.018372s ]
INFO: [ view_filter ] --START--
INFO: Run Behavior\WriteHtmlCacheBehavior [ RunTime:0.000222s ]
INFO: [ view_filter ] --END-- [ RunTime:0.000327s ]
INFO: [ app_end ] --START--
INFO: Run Behavior\ShowPageTraceBehavior [ RunTime:0.000646s ]
INFO: [ app_end ] --END-- [ RunTime:0.000762s ]

[ 2014-12-17T11:26:56+08:00 ] 127.0.0.1 /user/login
INFO: [ app_init ] --START--
INFO: Run Behavior\BuildLiteBehavior [ RunTime:0.000036s ]
INFO: [ app_init ] --END-- [ RunTime:0.000504s ]
INFO: [ app_begin ] --START--
INFO: Run Behavior\ReadHtmlCacheBehavior [ RunTime:0.000474s ]
INFO: [ app_begin ] --END-- [ RunTime:0.000602s ]
INFO: [ view_parse ] --START--
INFO: [ template_filter ] --START--
INFO: Run Behavior\ContentReplaceBehavior [ RunTime:0.000074s ]
INFO: [ template_filter ] --END-- [ RunTime:0.000174s ]
NOTIC: [8] Undefined variable: checked /private/var/www/sport/Application/Runtime/Cache/Home/5c9ee6d19cd41add49f97afe3aef0b25.php 第 176 行.
INFO: Run Behavior\ParseTemplateBehavior [ RunTime:0.030739s ]
INFO: [ view_parse ] --END-- [ RunTime:0.030908s ]
INFO: [ view_filter ] --START--
INFO: Run Behavior\WriteHtmlCacheBehavior [ RunTime:0.000244s ]
INFO: [ view_filter ] --END-- [ RunTime:0.000338s ]
INFO: [ app_end ] --START--
INFO: Run Behavior\ShowPageTraceBehavior [ RunTime:0.000549s ]
INFO: [ app_end ] --END-- [ RunTime:0.000673s ]

[ 2014-12-17T11:26:57+08:00 ] 127.0.0.1 /user/login
INFO: [ app_init ] --START--
INFO: Run Behavior\BuildLiteBehavior [ RunTime:0.000024s ]
INFO: [ app_init ] --END-- [ RunTime:0.000685s ]
INFO: [ app_begin ] --START--
INFO: Run Behavior\ReadHtmlCacheBehavior [ RunTime:0.000351s ]
INFO: [ app_begin ] --END-- [ RunTime:0.000467s ]
NOTIC: [8192] mysql_connect(): The mysql extension is deprecated and will be removed in the future: use mysqli or PDO instead /private/var/www/sport/ThinkPHP/Library/Think/Db/Driver/Mysql.class.php 第 52 行.
SQL: SHOW COLUMNS FROM `user` [ RunTime:0.023167s ]
SQL: SHOW COLUMNS FROM `user` [ RunTime:0.007584s ]
SQL: SELECT `uid` FROM `user` WHERE ( email='j@qq.com' ) LIMIT 1   [ RunTime:0.005316s ]
SQL: SELECT `uid`,`username`,`permission` FROM `user` WHERE ( password='123456' AND email='j@qq.com' AND user_status>5 ) LIMIT 1   [ RunTime:0.000421s ]
NOTIC: [8] Undefined variable: err /private/var/www/sport/Application/Home/Controller/UserController.class.php 第 90 行.

[ 2014-12-17T11:26:57+08:00 ] 127.0.0.1 /Activity/index
INFO: [ app_init ] --START--
INFO: Run Behavior\BuildLiteBehavior [ RunTime:0.000034s ]
INFO: [ app_init ] --END-- [ RunTime:0.000839s ]
INFO: [ app_begin ] --START--
INFO: Run Behavior\ReadHtmlCacheBehavior [ RunTime:0.000726s ]
INFO: [ app_begin ] --END-- [ RunTime:0.000876s ]
NOTIC: [8192] mysql_connect(): The mysql extension is deprecated and will be removed in the future: use mysqli or PDO instead /private/var/www/sport/ThinkPHP/Library/Think/Db/Driver/Mysql.class.php 第 52 行.
SQL: SHOW COLUMNS FROM `activity` [ RunTime:0.003520s ]
SQL: SELECT `aid`,`activity_name`,`aimin_url` FROM `activity` WHERE ( status='P' ) ORDER BY follow_cnt LIMIT 4   [ RunTime:0.001241s ]
SQL: SELECT count(activity.aid) activity_cnt,`ccontent`,`cvalue` FROM `activity`  LEFT JOIN constants c ON c.cvalue = activity.activity_type  WHERE ( module=1 ) GROUP BY cvalue ORDER BY activity_cnt desc LIMIT 5   [ RunTime:0.002532s ]
SQL: SELECT `aid`,`activity_name`,`duration`,`start_time`,`end_time`,`alocation`,c.ccontent atype,`follow_cnt`,`aimin_url` FROM `activity`  LEFT JOIN constants c ON c.cvalue = activity.activity_type  WHERE ( status='P' AND c.module=1 AND activity.activity_type=2  )  [ RunTime:0.000610s ]
INFO: [ view_parse ] --START--
INFO: [ template_filter ] --START--
INFO: Run Behavior\ContentReplaceBehavior [ RunTime:0.000077s ]
INFO: [ template_filter ] --END-- [ RunTime:0.000178s ]
NOTIC: [8] Undefined variable: location /private/var/www/sport/Application/Runtime/Cache/Home/16b2b9ccd21bec5363182e3d5b88bd1e.php 第 168 行.
NOTIC: [8] Array to string conversion /private/var/www/sport/Application/Runtime/Cache/Home/16b2b9ccd21bec5363182e3d5b88bd1e.php 第 179 行.
NOTIC: [8] Use of undefined constant aid - assumed 'aid' /private/var/www/sport/Application/Runtime/Cache/Home/16b2b9ccd21bec5363182e3d5b88bd1e.php 第 179 行.
NOTIC: [8] Array to string conversion /private/var/www/sport/Application/Runtime/Cache/Home/16b2b9ccd21bec5363182e3d5b88bd1e.php 第 179 行.
NOTIC: [8] Use of undefined constant aid - assumed 'aid' /private/var/www/sport/Application/Runtime/Cache/Home/16b2b9ccd21bec5363182e3d5b88bd1e.php 第 179 行.
NOTIC: [8] Array to string conversion /private/var/www/sport/Application/Runtime/Cache/Home/16b2b9ccd21bec5363182e3d5b88bd1e.php 第 179 行.
NOTIC: [8] Use of undefined constant aid - assumed 'aid' /private/var/www/sport/Application/Runtime/Cache/Home/16b2b9ccd21bec5363182e3d5b88bd1e.php 第 179 行.
NOTIC: [8] Array to string conversion /private/var/www/sport/Application/Runtime/Cache/Home/16b2b9ccd21bec5363182e3d5b88bd1e.php 第 179 行.
NOTIC: [8] Use of undefined constant aid - assumed 'aid' /private/var/www/sport/Application/Runtime/Cache/Home/16b2b9ccd21bec5363182e3d5b88bd1e.php 第 179 行.
NOTIC: [8] Use of undefined constant start_time - assumed 'start_time' /private/var/www/sport/Application/Runtime/Cache/Home/16b2b9ccd21bec5363182e3d5b88bd1e.php 第 205 行.
NOTIC: [8] Array to string conversion /private/var/www/sport/Application/Runtime/Cache/Home/16b2b9ccd21bec5363182e3d5b88bd1e.php 第 205 行.
NOTIC: [8] Use of undefined constant start_time - assumed 'start_time' /private/var/www/sport/Application/Runtime/Cache/Home/16b2b9ccd21bec5363182e3d5b88bd1e.php 第 205 行.
NOTIC: [8] Array to string conversion /private/var/www/sport/Application/Runtime/Cache/Home/16b2b9ccd21bec5363182e3d5b88bd1e.php 第 205 行.
NOTIC: [8] Use of undefined constant start_time - assumed 'start_time' /private/var/www/sport/Application/Runtime/Cache/Home/16b2b9ccd21bec5363182e3d5b88bd1e.php 第 208 行.
NOTIC: [8] Array to string conversion /private/var/www/sport/Application/Runtime/Cache/Home/16b2b9ccd21bec5363182e3d5b88bd1e.php 第 208 行.
NOTIC: [8] Use of undefined constant end_time - assumed 'end_time' /private/var/www/sport/Application/Runtime/Cache/Home/16b2b9ccd21bec5363182e3d5b88bd1e.php 第 208 行.
NOTIC: [8] Array to string conversion /private/var/www/sport/Application/Runtime/Cache/Home/16b2b9ccd21bec5363182e3d5b88bd1e.php 第 208 行.
INFO: Run Behavior\ParseTemplateBehavior [ RunTime:0.036454s ]
INFO: [ view_parse ] --END-- [ RunTime:0.036628s ]
INFO: [ view_filter ] --START--
INFO: Run Behavior\WriteHtmlCacheBehavior [ RunTime:0.000178s ]
INFO: [ view_filter ] --END-- [ RunTime:0.000255s ]
INFO: [ app_end ] --START--
INFO: Run Behavior\ShowPageTraceBehavior [ RunTime:0.000524s ]
INFO: [ app_end ] --END-- [ RunTime:0.000631s ]

[ 2014-12-17T11:27:07+08:00 ] 127.0.0.1 /activitycomment/create?aid=3
INFO: [ app_init ] --START--
INFO: Run Behavior\BuildLiteBehavior [ RunTime:0.000022s ]
INFO: [ app_init ] --END-- [ RunTime:0.000423s ]
INFO: [ app_begin ] --START--
INFO: Run Behavior\ReadHtmlCacheBehavior [ RunTime:0.000421s ]
INFO: [ app_begin ] --END-- [ RunTime:0.000548s ]
NOTIC: [8192] mysql_connect(): The mysql extension is deprecated and will be removed in the future: use mysqli or PDO instead /private/var/www/sport/ThinkPHP/Library/Think/Db/Driver/Mysql.class.php 第 52 行.
SQL: SHOW COLUMNS FROM `activity` [ RunTime:0.021041s ]
SQL: SELECT `activity_name` FROM `activity` WHERE ( aid=3 )  [ RunTime:0.000306s ]
INFO: [ view_parse ] --START--
INFO: [ template_filter ] --START--
INFO: Run Behavior\ContentReplaceBehavior [ RunTime:0.000065s ]
INFO: [ template_filter ] --END-- [ RunTime:0.000160s ]
INFO: Run Behavior\ParseTemplateBehavior [ RunTime:0.023035s ]
INFO: [ view_parse ] --END-- [ RunTime:0.023147s ]
INFO: [ view_filter ] --START--
INFO: Run Behavior\WriteHtmlCacheBehavior [ RunTime:0.000166s ]
INFO: [ view_filter ] --END-- [ RunTime:0.000240s ]
INFO: [ app_end ] --START--
INFO: Run Behavior\ShowPageTraceBehavior [ RunTime:0.000526s ]
INFO: [ app_end ] --END-- [ RunTime:0.000612s ]

[ 2014-12-17T11:33:51+08:00 ] 127.0.0.1 /activitycomment/create?aid=3&pid=0
INFO: [ app_init ] --START--
INFO: Run Behavior\BuildLiteBehavior [ RunTime:0.000107s ]
INFO: [ app_init ] --END-- [ RunTime:0.000883s ]
INFO: [ app_begin ] --START--
INFO: Run Behavior\ReadHtmlCacheBehavior [ RunTime:0.000924s ]
INFO: [ app_begin ] --END-- [ RunTime:0.001046s ]
NOTIC: [8192] mysql_connect(): The mysql extension is deprecated and will be removed in the future: use mysqli or PDO instead /private/var/www/sport/ThinkPHP/Library/Think/Db/Driver/Mysql.class.php 第 52 行.
SQL: SHOW COLUMNS FROM `activity` [ RunTime:0.003661s ]
SQL: SELECT `activity_name` FROM `activity` WHERE ( aid=3 )  [ RunTime:0.000271s ]
INFO: [ view_parse ] --START--
INFO: [ template_filter ] --START--
INFO: Run Behavior\ContentReplaceBehavior [ RunTime:0.000058s ]
INFO: [ template_filter ] --END-- [ RunTime:0.000141s ]
INFO: Run Behavior\ParseTemplateBehavior [ RunTime:0.028338s ]
INFO: [ view_parse ] --END-- [ RunTime:0.028492s ]
INFO: [ view_filter ] --START--
INFO: Run Behavior\WriteHtmlCacheBehavior [ RunTime:0.000726s ]
INFO: [ view_filter ] --END-- [ RunTime:0.000871s ]
INFO: [ app_end ] --START--
INFO: Run Behavior\ShowPageTraceBehavior [ RunTime:0.001196s ]
INFO: [ app_end ] --END-- [ RunTime:0.001358s ]

[ 2014-12-17T11:40:51+08:00 ] 127.0.0.1 /activitycomment/create/3
INFO: [ app_init ] --START--
INFO: Run Behavior\BuildLiteBehavior [ RunTime:0.000023s ]
INFO: [ app_init ] --END-- [ RunTime:0.000397s ]
INFO: [ app_begin ] --START--
INFO: Run Behavior\ReadHtmlCacheBehavior [ RunTime:0.000354s ]
INFO: [ app_begin ] --END-- [ RunTime:0.000443s ]
NOTIC: [8192] mysql_connect(): The mysql extension is deprecated and will be removed in the future: use mysqli or PDO instead /private/var/www/sport/ThinkPHP/Library/Think/Db/Driver/Mysql.class.php 第 52 行.
SQL: SHOW COLUMNS FROM `activity` [ RunTime:0.003491s ]
SQL: SELECT `activity_name` FROM `activity` WHERE ( aid=3 )  [ RunTime:0.000581s ]
NOTIC: [8] Undefined variable: pid /private/var/www/sport/Application/Home/Controller/ActivityCommentController.class.php 第 31 行.
INFO: [ view_parse ] --START--
INFO: [ template_filter ] --START--
INFO: Run Behavior\ContentReplaceBehavior [ RunTime:0.000069s ]
INFO: [ template_filter ] --END-- [ RunTime:0.000174s ]
INFO: Run Behavior\ParseTemplateBehavior [ RunTime:0.020822s ]
INFO: [ view_parse ] --END-- [ RunTime:0.020925s ]
INFO: [ view_filter ] --START--
INFO: Run Behavior\WriteHtmlCacheBehavior [ RunTime:0.000178s ]
INFO: [ view_filter ] --END-- [ RunTime:0.000251s ]
INFO: [ app_end ] --START--
INFO: Run Behavior\ShowPageTraceBehavior [ RunTime:0.000403s ]
INFO: [ app_end ] --END-- [ RunTime:0.000481s ]

[ 2014-12-17T11:41:12+08:00 ] 127.0.0.1 /activitycomment/create
INFO: [ app_init ] --START--
INFO: Run Behavior\BuildLiteBehavior [ RunTime:0.000033s ]
INFO: [ app_init ] --END-- [ RunTime:0.000620s ]
INFO: [ app_begin ] --START--
INFO: Run Behavior\ReadHtmlCacheBehavior [ RunTime:0.000539s ]
INFO: [ app_begin ] --END-- [ RunTime:0.000668s ]
NOTIC: [8192] mysql_connect(): The mysql extension is deprecated and will be removed in the future: use mysqli or PDO instead /private/var/www/sport/ThinkPHP/Library/Think/Db/Driver/Mysql.class.php 第 52 行.
SQL: SHOW COLUMNS FROM `activity_comment` [ RunTime:0.009642s ]
ERR: Think\Model:get_pk方法不存在！

[ 2014-12-17T11:43:28+08:00 ] 127.0.0.1 /activitycomment/create
INFO: [ app_init ] --START--
INFO: Run Behavior\BuildLiteBehavior [ RunTime:0.000022s ]
INFO: [ app_init ] --END-- [ RunTime:0.000327s ]
INFO: [ app_begin ] --START--
INFO: Run Behavior\ReadHtmlCacheBehavior [ RunTime:0.000325s ]
INFO: [ app_begin ] --END-- [ RunTime:0.000412s ]
NOTIC: [8192] mysql_connect(): The mysql extension is deprecated and will be removed in the future: use mysqli or PDO instead /private/var/www/sport/ThinkPHP/Library/Think/Db/Driver/Mysql.class.php 第 52 行.
SQL: SHOW COLUMNS FROM `activity_comment` [ RunTime:0.010868s ]
ERR: Think\Model:get_pk方法不存在！

[ 2014-12-17T11:44:31+08:00 ] 127.0.0.1 /activitycomment/create
INFO: [ app_init ] --START--
INFO: Run Behavior\BuildLiteBehavior [ RunTime:0.000025s ]
INFO: [ app_init ] --END-- [ RunTime:0.000650s ]
INFO: [ app_begin ] --START--
INFO: Run Behavior\ReadHtmlCacheBehavior [ RunTime:0.000816s ]
INFO: [ app_begin ] --END-- [ RunTime:0.000929s ]
NOTIC: [8192] mysql_connect(): The mysql extension is deprecated and will be removed in the future: use mysqli or PDO instead /private/var/www/sport/ThinkPHP/Library/Think/Db/Driver/Mysql.class.php 第 52 行.
SQL: SHOW COLUMNS FROM `activity_comment` [ RunTime:0.002189s ]
NOTIC: [8] Undefined index: timeout /private/var/www/sport/ThinkPHP/Library/Org/Util/TpRedis.class.php 第 29 行.
NOTIC: [8] Undefined index: timeout /private/var/www/sport/ThinkPHP/Library/Org/Util/TpRedis.class.php 第 31 行.
SQL: INSERT INTO `activity_comment` (`acid`,`aid`,`uid`,`accontent`,`create_time`,`approved`,`pid`) VALUES (1,3,1,'adfasdfdsf','2014-12-17 11:44:31',0,0) [ RunTime:0.007367s ]
ERR: 1062:Duplicate entry '1' for key 'PRIMARY'
 [ SQL语句 ] : INSERT INTO `activity_comment` (`acid`,`aid`,`uid`,`accontent`,`create_time`,`approved`,`pid`) VALUES (1,3,1,'adfasdfdsf','2014-12-17 11:44:31',0,0)
NOTIC: [8] Undefined variable: err /private/var/www/sport/Application/Home/Controller/ActivitycommentController.class.php 第 63 行.
INFO: [ app_end ] --START--
INFO: Run Behavior\ShowPageTraceBehavior [ RunTime:0.001051s ]
INFO: [ app_end ] --END-- [ RunTime:0.001225s ]

[ 2014-12-17T11:45:44+08:00 ] 127.0.0.1 /activitycomment/create
INFO: [ app_init ] --START--
INFO: Run Behavior\BuildLiteBehavior [ RunTime:0.000027s ]
INFO: [ app_init ] --END-- [ RunTime:0.000677s ]
INFO: [ app_begin ] --START--
INFO: Run Behavior\ReadHtmlCacheBehavior [ RunTime:0.000913s ]
INFO: [ app_begin ] --END-- [ RunTime:0.001036s ]
NOTIC: [8192] mysql_connect(): The mysql extension is deprecated and will be removed in the future: use mysqli or PDO instead /private/var/www/sport/ThinkPHP/Library/Think/Db/Driver/Mysql.class.php 第 52 行.
SQL: SHOW COLUMNS FROM `activity_comment` [ RunTime:0.002369s ]
NOTIC: [8] Undefined index: timeout /private/var/www/sport/ThinkPHP/Library/Org/Util/TpRedis.class.php 第 29 行.
NOTIC: [8] Undefined index: timeout /private/var/www/sport/ThinkPHP/Library/Org/Util/TpRedis.class.php 第 31 行.
SQL: INSERT INTO `activity_comment` (`acid`,`aid`,`uid`,`accontent`,`create_time`,`approved`,`pid`) VALUES (4,3,1,'adfasdfdsf','2014-12-17 11:45:44',0,0) [ RunTime:0.007761s ]
NOTIC: [8] Undefined variable: err /private/var/www/sport/Application/Home/Controller/ActivitycommentController.class.php 第 63 行.
INFO: [ app_end ] --START--
INFO: Run Behavior\ShowPageTraceBehavior [ RunTime:0.001162s ]
INFO: [ app_end ] --END-- [ RunTime:0.001295s ]

[ 2014-12-17T14:46:59+08:00 ] 127.0.0.1 /activitycomment/create/3
INFO: [ app_init ] --START--
INFO: Run Behavior\BuildLiteBehavior [ RunTime:0.000366s ]
INFO: [ app_init ] --END-- [ RunTime:0.003011s ]
INFO: [ app_begin ] --START--
INFO: Run Behavior\ReadHtmlCacheBehavior [ RunTime:0.003270s ]
INFO: [ app_begin ] --END-- [ RunTime:0.003408s ]
NOTIC: [8192] mysql_connect(): The mysql extension is deprecated and will be removed in the future: use mysqli or PDO instead /private/var/www/sport/ThinkPHP/Library/Think/Db/Driver/Mysql.class.php 第 52 行.
SQL: SHOW COLUMNS FROM `activity` [ RunTime:0.053903s ]
SQL: SELECT `activity_name` FROM `activity` WHERE ( aid=3 )  [ RunTime:0.007288s ]
NOTIC: [8] Undefined variable: pid /private/var/www/sport/Application/Home/Controller/ActivityCommentController.class.php 第 32 行.
INFO: [ view_parse ] --START--
INFO: [ template_filter ] --START--
INFO: Run Behavior\ContentReplaceBehavior [ RunTime:0.000079s ]
INFO: [ template_filter ] --END-- [ RunTime:0.000163s ]
INFO: Run Behavior\ParseTemplateBehavior [ RunTime:0.080477s ]
INFO: [ view_parse ] --END-- [ RunTime:0.080591s ]
INFO: [ view_filter ] --START--
INFO: Run Behavior\WriteHtmlCacheBehavior [ RunTime:0.001128s ]
INFO: [ view_filter ] --END-- [ RunTime:0.001223s ]
INFO: [ app_end ] --START--
INFO: Run Behavior\ShowPageTraceBehavior [ RunTime:0.002987s ]
INFO: [ app_end ] --END-- [ RunTime:0.003091s ]

[ 2014-12-17T14:47:14+08:00 ] 127.0.0.1 /activitycomment/comments?aid=3
INFO: [ app_init ] --START--
INFO: Run Behavior\BuildLiteBehavior [ RunTime:0.000036s ]
INFO: [ app_init ] --END-- [ RunTime:0.000931s ]
INFO: [ app_begin ] --START--
INFO: Run Behavior\ReadHtmlCacheBehavior [ RunTime:0.001001s ]
INFO: [ app_begin ] --END-- [ RunTime:0.001223s ]
NOTIC: [8192] mysql_connect(): The mysql extension is deprecated and will be removed in the future: use mysqli or PDO instead /private/var/www/sport/ThinkPHP/Library/Think/Db/Driver/Mysql.class.php 第 52 行.
SQL: SHOW COLUMNS FROM `activity_comment` [ RunTime:0.002751s ]
NOTIC: [2] Missing argument 1 for Think\Model::getField(), called in /private/var/www/sport/Application/Home/Controller/ActivitycommentController.class.php on line 80 and defined /private/var/www/sport/ThinkPHP/Library/Think/Model.class.php 第 786 行.
NOTIC: [8] Undefined variable: field /private/var/www/sport/ThinkPHP/Library/Think/Model.class.php 第 787 行.
NOTIC: [8] Undefined variable: field /private/var/www/sport/ThinkPHP/Library/Think/Model.class.php 第 798 行.
SQL: SELECT * FROM `activity_comment` WHERE ( acid=0 ) LIMIT 1   [ RunTime:0.000365s ]
INFO: [ app_end ] --START--
INFO: Run Behavior\ShowPageTraceBehavior [ RunTime:0.000485s ]
INFO: [ app_end ] --END-- [ RunTime:0.000596s ]

[ 2014-12-17T14:47:28+08:00 ] 127.0.0.1 /activitycomment/comments?aid=3
INFO: [ app_init ] --START--
INFO: Run Behavior\BuildLiteBehavior [ RunTime:0.000037s ]
INFO: [ app_init ] --END-- [ RunTime:0.000707s ]
INFO: [ app_begin ] --START--
INFO: Run Behavior\ReadHtmlCacheBehavior [ RunTime:0.000851s ]
INFO: [ app_begin ] --END-- [ RunTime:0.000964s ]
NOTIC: [8192] mysql_connect(): The mysql extension is deprecated and will be removed in the future: use mysqli or PDO instead /private/var/www/sport/ThinkPHP/Library/Think/Db/Driver/Mysql.class.php 第 52 行.
SQL: SHOW COLUMNS FROM `activity_comment` [ RunTime:0.003687s ]
NOTIC: [2] Missing argument 1 for Think\Model::getField(), called in /private/var/www/sport/Application/Home/Controller/ActivitycommentController.class.php on line 80 and defined /private/var/www/sport/ThinkPHP/Library/Think/Model.class.php 第 786 行.
NOTIC: [8] Undefined variable: field /private/var/www/sport/ThinkPHP/Library/Think/Model.class.php 第 787 行.
NOTIC: [8] Undefined variable: field /private/var/www/sport/ThinkPHP/Library/Think/Model.class.php 第 798 行.
SQL: SELECT * FROM `activity_comment` WHERE ( acid=0 ) LIMIT 1   [ RunTime:0.000242s ]
INFO: [ app_end ] --START--
INFO: Run Behavior\ShowPageTraceBehavior [ RunTime:0.000972s ]
INFO: [ app_end ] --END-- [ RunTime:0.001092s ]

[ 2014-12-17T14:48:12+08:00 ] 127.0.0.1 /activitycomment/comments?aid=3
INFO: [ app_init ] --START--
INFO: Run Behavior\BuildLiteBehavior [ RunTime:0.000023s ]
INFO: [ app_init ] --END-- [ RunTime:0.000629s ]
INFO: [ app_begin ] --START--
INFO: Run Behavior\ReadHtmlCacheBehavior [ RunTime:0.001017s ]
INFO: [ app_begin ] --END-- [ RunTime:0.001128s ]
NOTIC: [8192] mysql_connect(): The mysql extension is deprecated and will be removed in the future: use mysqli or PDO instead /private/var/www/sport/ThinkPHP/Library/Think/Db/Driver/Mysql.class.php 第 52 行.
SQL: SHOW COLUMNS FROM `activity_comment` [ RunTime:0.002815s ]
NOTIC: [8] Undefined variable: acid /private/var/www/sport/Application/Home/Controller/ActivitycommentController.class.php 第 81 行.
NOTIC: [2] Missing argument 1 for Think\Model::getField(), called in /private/var/www/sport/Application/Home/Controller/ActivitycommentController.class.php on line 81 and defined /private/var/www/sport/ThinkPHP/Library/Think/Model.class.php 第 786 行.
NOTIC: [8] Undefined variable: field /private/var/www/sport/ThinkPHP/Library/Think/Model.class.php 第 787 行.
NOTIC: [8] Undefined variable: field /private/var/www/sport/ThinkPHP/Library/Think/Model.class.php 第 798 行.
SQL: SELECT * FROM `activity_comment` WHERE ( aid=0 AND pid=0  ) LIMIT 1   [ RunTime:0.002830s ]
INFO: [ app_end ] --START--
INFO: Run Behavior\ShowPageTraceBehavior [ RunTime:0.001019s ]
INFO: [ app_end ] --END-- [ RunTime:0.001120s ]

[ 2014-12-17T14:48:13+08:00 ] 127.0.0.1 /activitycomment/comments?aid=3
INFO: [ app_init ] --START--
INFO: Run Behavior\BuildLiteBehavior [ RunTime:0.000028s ]
INFO: [ app_init ] --END-- [ RunTime:0.000441s ]
INFO: [ app_begin ] --START--
INFO: Run Behavior\ReadHtmlCacheBehavior [ RunTime:0.000328s ]
INFO: [ app_begin ] --END-- [ RunTime:0.000434s ]
NOTIC: [8192] mysql_connect(): The mysql extension is deprecated and will be removed in the future: use mysqli or PDO instead /private/var/www/sport/ThinkPHP/Library/Think/Db/Driver/Mysql.class.php 第 52 行.
SQL: SHOW COLUMNS FROM `activity_comment` [ RunTime:0.004711s ]
NOTIC: [8] Undefined variable: acid /private/var/www/sport/Application/Home/Controller/ActivitycommentController.class.php 第 81 行.
NOTIC: [2] Missing argument 1 for Think\Model::getField(), called in /private/var/www/sport/Application/Home/Controller/ActivitycommentController.class.php on line 81 and defined /private/var/www/sport/ThinkPHP/Library/Think/Model.class.php 第 786 行.
NOTIC: [8] Undefined variable: field /private/var/www/sport/ThinkPHP/Library/Think/Model.class.php 第 787 行.
NOTIC: [8] Undefined variable: field /private/var/www/sport/ThinkPHP/Library/Think/Model.class.php 第 798 行.
SQL: SELECT * FROM `activity_comment` WHERE ( aid=0 AND pid=0  ) LIMIT 1   [ RunTime:0.000321s ]
INFO: [ app_end ] --START--
INFO: Run Behavior\ShowPageTraceBehavior [ RunTime:0.000611s ]
INFO: [ app_end ] --END-- [ RunTime:0.000746s ]

[ 2014-12-17T14:48:26+08:00 ] 127.0.0.1 /activitycomment/comments?aid=3
INFO: [ app_init ] --START--
INFO: Run Behavior\BuildLiteBehavior [ RunTime:0.000018s ]
INFO: [ app_init ] --END-- [ RunTime:0.000302s ]
INFO: [ app_begin ] --START--
INFO: Run Behavior\ReadHtmlCacheBehavior [ RunTime:0.000314s ]
INFO: [ app_begin ] --END-- [ RunTime:0.000401s ]
NOTIC: [8192] mysql_connect(): The mysql extension is deprecated and will be removed in the future: use mysqli or PDO instead /private/var/www/sport/ThinkPHP/Library/Think/Db/Driver/Mysql.class.php 第 52 行.
SQL: SHOW COLUMNS FROM `activity_comment` [ RunTime:0.004464s ]
NOTIC: [2] Missing argument 1 for Think\Model::getField(), called in /private/var/www/sport/Application/Home/Controller/ActivitycommentController.class.php on line 81 and defined /private/var/www/sport/ThinkPHP/Library/Think/Model.class.php 第 786 行.
NOTIC: [8] Undefined variable: field /private/var/www/sport/ThinkPHP/Library/Think/Model.class.php 第 787 行.
NOTIC: [8] Undefined variable: field /private/var/www/sport/ThinkPHP/Library/Think/Model.class.php 第 798 行.
SQL: SELECT * FROM `activity_comment` WHERE ( aid=3 AND pid=0  ) LIMIT 1   [ RunTime:0.001403s ]
INFO: [ app_end ] --START--
INFO: Run Behavior\ShowPageTraceBehavior [ RunTime:0.000443s ]
INFO: [ app_end ] --END-- [ RunTime:0.000547s ]

[ 2014-12-17T15:07:11+08:00 ] 127.0.0.1 /activitycomment/comments?aid=3
INFO: [ app_init ] --START--
INFO: Run Behavior\BuildLiteBehavior [ RunTime:0.000022s ]
INFO: [ app_init ] --END-- [ RunTime:0.000696s ]
INFO: [ app_begin ] --START--
INFO: Run Behavior\ReadHtmlCacheBehavior [ RunTime:0.001106s ]
INFO: [ app_begin ] --END-- [ RunTime:0.001219s ]
NOTIC: [8192] mysql_connect(): The mysql extension is deprecated and will be removed in the future: use mysqli or PDO instead /private/var/www/sport/ThinkPHP/Library/Think/Db/Driver/Mysql.class.php 第 52 行.
SQL: SHOW COLUMNS FROM `activity_comment` [ RunTime:0.002539s ]
SQL: SELECT `aid`,u.username,ac.uid,`actitle`,`accontent`,ac.approved FROM activity_comment ac  LEFT JOIN user u ON u.uid = ac.uid  WHERE ( aid=3 AND pid=0 AND deleted=0 )  [ RunTime:0.001268s ]
INFO: [ app_end ] --START--
INFO: Run Behavior\ShowPageTraceBehavior [ RunTime:0.001138s ]
INFO: [ app_end ] --END-- [ RunTime:0.001241s ]

[ 2014-12-17T15:07:14+08:00 ] 127.0.0.1 /activitycomment/comments?aid=3
INFO: [ app_init ] --START--
INFO: Run Behavior\BuildLiteBehavior [ RunTime:0.000033s ]
INFO: [ app_init ] --END-- [ RunTime:0.000551s ]
INFO: [ app_begin ] --START--
INFO: Run Behavior\ReadHtmlCacheBehavior [ RunTime:0.000358s ]
INFO: [ app_begin ] --END-- [ RunTime:0.000449s ]
NOTIC: [8192] mysql_connect(): The mysql extension is deprecated and will be removed in the future: use mysqli or PDO instead /private/var/www/sport/ThinkPHP/Library/Think/Db/Driver/Mysql.class.php 第 52 行.
SQL: SHOW COLUMNS FROM `activity_comment` [ RunTime:0.007049s ]
SQL: SELECT `aid`,u.username,ac.uid,`actitle`,`accontent`,ac.approved FROM activity_comment ac  LEFT JOIN user u ON u.uid = ac.uid  WHERE ( aid=3 AND pid=0 AND deleted=0 )  [ RunTime:0.000312s ]
INFO: [ app_end ] --START--
INFO: Run Behavior\ShowPageTraceBehavior [ RunTime:0.000502s ]
INFO: [ app_end ] --END-- [ RunTime:0.000608s ]

[ 2014-12-17T15:08:10+08:00 ] 127.0.0.1 /activitycomment/comments?aid=3
INFO: [ app_init ] --START--
INFO: Run Behavior\BuildLiteBehavior [ RunTime:0.000022s ]
INFO: [ app_init ] --END-- [ RunTime:0.000497s ]
INFO: [ app_begin ] --START--
INFO: Run Behavior\ReadHtmlCacheBehavior [ RunTime:0.000725s ]
INFO: [ app_begin ] --END-- [ RunTime:0.000816s ]
NOTIC: [8192] mysql_connect(): The mysql extension is deprecated and will be removed in the future: use mysqli or PDO instead /private/var/www/sport/ThinkPHP/Library/Think/Db/Driver/Mysql.class.php 第 52 行.
SQL: SHOW COLUMNS FROM `activity_comment` [ RunTime:0.002832s ]
SQL: SELECT `aid`,u.username,ac.uid,`actitle`,`accontent`,ac.approved FROM activity_comment ac  LEFT JOIN user u ON u.uid = ac.uid  WHERE ( acid=0 AND pid=0 AND deleted=0 )  [ RunTime:0.000302s ]
INFO: [ app_end ] --START--
INFO: Run Behavior\ShowPageTraceBehavior [ RunTime:0.001006s ]
INFO: [ app_end ] --END-- [ RunTime:0.001107s ]

[ 2014-12-17T15:08:13+08:00 ] 127.0.0.1 /activitycomment/comments?acid=3
INFO: [ app_init ] --START--
INFO: Run Behavior\BuildLiteBehavior [ RunTime:0.000019s ]
INFO: [ app_init ] --END-- [ RunTime:0.000355s ]
INFO: [ app_begin ] --START--
INFO: Run Behavior\ReadHtmlCacheBehavior [ RunTime:0.000307s ]
INFO: [ app_begin ] --END-- [ RunTime:0.000386s ]
NOTIC: [8192] mysql_connect(): The mysql extension is deprecated and will be removed in the future: use mysqli or PDO instead /private/var/www/sport/ThinkPHP/Library/Think/Db/Driver/Mysql.class.php 第 52 行.
SQL: SHOW COLUMNS FROM `activity_comment` [ RunTime:0.014762s ]
SQL: SELECT `aid`,u.username,ac.uid,`actitle`,`accontent`,ac.approved FROM activity_comment ac  LEFT JOIN user u ON u.uid = ac.uid  WHERE ( acid=3 AND pid=0 AND deleted=0 )  [ RunTime:0.000773s ]
INFO: [ app_end ] --START--
INFO: Run Behavior\ShowPageTraceBehavior [ RunTime:0.000532s ]
INFO: [ app_end ] --END-- [ RunTime:0.000624s ]

[ 2014-12-17T15:08:20+08:00 ] 127.0.0.1 /activitycomment/comments?acid=3
INFO: [ app_init ] --START--
INFO: Run Behavior\BuildLiteBehavior [ RunTime:0.000018s ]
INFO: [ app_init ] --END-- [ RunTime:0.000294s ]
INFO: [ app_begin ] --START--
INFO: Run Behavior\ReadHtmlCacheBehavior [ RunTime:0.000362s ]
INFO: [ app_begin ] --END-- [ RunTime:0.000456s ]
NOTIC: [8192] mysql_connect(): The mysql extension is deprecated and will be removed in the future: use mysqli or PDO instead /private/var/www/sport/ThinkPHP/Library/Think/Db/Driver/Mysql.class.php 第 52 行.
SQL: SHOW COLUMNS FROM `activity_comment` [ RunTime:0.032625s ]
SQL: SELECT `aid`,u.username,ac.uid,`actitle`,`accontent`,ac.approved FROM activity_comment ac  LEFT JOIN user u ON u.uid = ac.uid  WHERE ( acid=3 AND pid=0 AND deleted=0 )  [ RunTime:0.000281s ]
INFO: [ app_end ] --START--
INFO: Run Behavior\ShowPageTraceBehavior [ RunTime:0.000936s ]
INFO: [ app_end ] --END-- [ RunTime:0.001171s ]

[ 2014-12-17T15:08:24+08:00 ] 127.0.0.1 /activitycomment/comments?acid=3
INFO: [ app_init ] --START--
INFO: Run Behavior\BuildLiteBehavior [ RunTime:0.000022s ]
INFO: [ app_init ] --END-- [ RunTime:0.000594s ]
INFO: [ app_begin ] --START--
INFO: Run Behavior\ReadHtmlCacheBehavior [ RunTime:0.000350s ]
INFO: [ app_begin ] --END-- [ RunTime:0.000485s ]
NOTIC: [8192] mysql_connect(): The mysql extension is deprecated and will be removed in the future: use mysqli or PDO instead /private/var/www/sport/ThinkPHP/Library/Think/Db/Driver/Mysql.class.php 第 52 行.
SQL: SHOW COLUMNS FROM `activity_comment` [ RunTime:0.007554s ]
SQL: SELECT `aid`,u.username,ac.uid,`actitle`,`accontent`,ac.approved FROM activity_comment ac  LEFT JOIN user u ON u.uid = ac.uid  WHERE ( acid=3 AND pid=0 AND deleted=0 )  [ RunTime:0.000276s ]
INFO: [ app_end ] --START--
INFO: Run Behavior\ShowPageTraceBehavior [ RunTime:0.000456s ]
INFO: [ app_end ] --END-- [ RunTime:0.000545s ]

[ 2014-12-17T15:08:34+08:00 ] 127.0.0.1 /activitycomment/comments?acid=3
INFO: [ app_init ] --START--
INFO: Run Behavior\BuildLiteBehavior [ RunTime:0.000020s ]
INFO: [ app_init ] --END-- [ RunTime:0.000292s ]
INFO: [ app_begin ] --START--
INFO: Run Behavior\ReadHtmlCacheBehavior [ RunTime:0.000339s ]
INFO: [ app_begin ] --END-- [ RunTime:0.000423s ]
NOTIC: [8192] mysql_connect(): The mysql extension is deprecated and will be removed in the future: use mysqli or PDO instead /private/var/www/sport/ThinkPHP/Library/Think/Db/Driver/Mysql.class.php 第 52 行.
SQL: SHOW COLUMNS FROM `activity_comment` [ RunTime:0.025417s ]
SQL: SELECT `aid`,u.username,ac.uid,`actitle`,`accontent`,ac.approved FROM activity_comment ac  LEFT JOIN user u ON u.uid = ac.uid  WHERE ( acid=3 AND pid=0 AND deleted=0 )  [ RunTime:0.000306s ]
INFO: [ app_end ] --START--
INFO: Run Behavior\ShowPageTraceBehavior [ RunTime:0.000444s ]
INFO: [ app_end ] --END-- [ RunTime:0.000535s ]

[ 2014-12-17T15:09:17+08:00 ] 127.0.0.1 /activitycomment/comments?acid=3
INFO: [ app_init ] --START--
INFO: Run Behavior\BuildLiteBehavior [ RunTime:0.000025s ]
INFO: [ app_init ] --END-- [ RunTime:0.000577s ]
INFO: [ app_begin ] --START--
INFO: Run Behavior\ReadHtmlCacheBehavior [ RunTime:0.000900s ]
INFO: [ app_begin ] --END-- [ RunTime:0.000998s ]
NOTIC: [8192] mysql_connect(): The mysql extension is deprecated and will be removed in the future: use mysqli or PDO instead /private/var/www/sport/ThinkPHP/Library/Think/Db/Driver/Mysql.class.php 第 52 行.
SQL: SHOW COLUMNS FROM `activity_comment` [ RunTime:0.002571s ]
SQL: SELECT `aid`,`acid`,u.username,ac.uid,`actitle`,`accontent`,ac.approved FROM activity_comment ac  LEFT JOIN user u ON u.uid = ac.uid  WHERE ( acid=3 AND pid=0 AND deleted=0 )  [ RunTime:0.000294s ]
INFO: [ app_end ] --START--
INFO: Run Behavior\ShowPageTraceBehavior [ RunTime:0.001036s ]
INFO: [ app_end ] --END-- [ RunTime:0.001131s ]

[ 2014-12-17T15:10:07+08:00 ] 127.0.0.1 /activitycomment/comments?acid=3
INFO: [ app_init ] --START--
INFO: Run Behavior\BuildLiteBehavior [ RunTime:0.000025s ]
INFO: [ app_init ] --END-- [ RunTime:0.000500s ]
INFO: [ app_begin ] --START--
INFO: Run Behavior\ReadHtmlCacheBehavior [ RunTime:0.000385s ]
INFO: [ app_begin ] --END-- [ RunTime:0.000474s ]
NOTIC: [8192] mysql_connect(): The mysql extension is deprecated and will be removed in the future: use mysqli or PDO instead /private/var/www/sport/ThinkPHP/Library/Think/Db/Driver/Mysql.class.php 第 52 行.
SQL: SHOW COLUMNS FROM `activity_comment` [ RunTime:0.002410s ]
SQL: SELECT `aid`,`acid`,u.username,ac.uid,`actitle`,`accontent`,ac.approved FROM activity_comment ac  LEFT JOIN user u ON u.uid = ac.uid  WHERE ( acid=3 AND pid=0 AND deleted=0 )  [ RunTime:0.000551s ]
INFO: [ app_end ] --START--
INFO: Run Behavior\ShowPageTraceBehavior [ RunTime:0.000507s ]
INFO: [ app_end ] --END-- [ RunTime:0.000607s ]

[ 2014-12-17T15:11:22+08:00 ] 127.0.0.1 /activitycomment/comments?acid=3
INFO: [ app_init ] --START--
INFO: Run Behavior\BuildLiteBehavior [ RunTime:0.000019s ]
INFO: [ app_init ] --END-- [ RunTime:0.000279s ]
INFO: [ app_begin ] --START--
INFO: Run Behavior\ReadHtmlCacheBehavior [ RunTime:0.000338s ]
INFO: [ app_begin ] --END-- [ RunTime:0.000426s ]
NOTIC: [8192] mysql_connect(): The mysql extension is deprecated and will be removed in the future: use mysqli or PDO instead /private/var/www/sport/ThinkPHP/Library/Think/Db/Driver/Mysql.class.php 第 52 行.
SQL: SHOW COLUMNS FROM `activity_comment` [ RunTime:0.010810s ]
SQL: SELECT `aid`,`acid`,u.username,ac.uid,`actitle`,`accontent`,ac.approved FROM activity_comment ac  LEFT JOIN user u ON u.uid = ac.uid  WHERE ( acid=3 AND pid=0 AND deleted=0 )  [ RunTime:0.000299s ]
INFO: [ app_end ] --START--
INFO: Run Behavior\ShowPageTraceBehavior [ RunTime:0.000425s ]
INFO: [ app_end ] --END-- [ RunTime:0.000504s ]

[ 2014-12-17T15:12:05+08:00 ] 127.0.0.1 /activitycomment/comments?acid=2
INFO: [ app_init ] --START--
INFO: Run Behavior\BuildLiteBehavior [ RunTime:0.000027s ]
INFO: [ app_init ] --END-- [ RunTime:0.000715s ]
INFO: [ app_begin ] --START--
INFO: Run Behavior\ReadHtmlCacheBehavior [ RunTime:0.001012s ]
INFO: [ app_begin ] --END-- [ RunTime:0.001129s ]
NOTIC: [8192] mysql_connect(): The mysql extension is deprecated and will be removed in the future: use mysqli or PDO instead /private/var/www/sport/ThinkPHP/Library/Think/Db/Driver/Mysql.class.php 第 52 行.
SQL: SHOW COLUMNS FROM `activity_comment` [ RunTime:0.002602s ]
SQL: SELECT `aid`,`acid`,u.username,ac.uid,`actitle`,`accontent`,ac.approved FROM activity_comment ac  LEFT JOIN user u ON u.uid = ac.uid  WHERE ( acid=2 AND pid=0 AND deleted=0 )  [ RunTime:0.000266s ]
INFO: [ app_end ] --START--
INFO: Run Behavior\ShowPageTraceBehavior [ RunTime:0.000878s ]
INFO: [ app_end ] --END-- [ RunTime:0.000964s ]

[ 2014-12-17T15:12:08+08:00 ] 127.0.0.1 /activitycomment/comments?acid=2
INFO: [ app_init ] --START--
INFO: Run Behavior\BuildLiteBehavior [ RunTime:0.000029s ]
INFO: [ app_init ] --END-- [ RunTime:0.000455s ]
INFO: [ app_begin ] --START--
INFO: Run Behavior\ReadHtmlCacheBehavior [ RunTime:0.000607s ]
INFO: [ app_begin ] --END-- [ RunTime:0.000760s ]
NOTIC: [8192] mysql_connect(): The mysql extension is deprecated and will be removed in the future: use mysqli or PDO instead /private/var/www/sport/ThinkPHP/Library/Think/Db/Driver/Mysql.class.php 第 52 行.
SQL: SHOW COLUMNS FROM `activity_comment` [ RunTime:0.013064s ]
SQL: SELECT `aid`,`acid`,u.username,ac.uid,`actitle`,`accontent`,ac.approved FROM activity_comment ac  LEFT JOIN user u ON u.uid = ac.uid  WHERE ( acid=2 AND pid=0 AND deleted=0 )  [ RunTime:0.000266s ]
INFO: [ app_end ] --START--
INFO: Run Behavior\ShowPageTraceBehavior [ RunTime:0.000431s ]
INFO: [ app_end ] --END-- [ RunTime:0.000540s ]

[ 2014-12-17T15:12:49+08:00 ] 127.0.0.1 /activitycomment/comments?acid=2
INFO: [ app_init ] --START--
INFO: Run Behavior\BuildLiteBehavior [ RunTime:0.000024s ]
INFO: [ app_init ] --END-- [ RunTime:0.000621s ]
INFO: [ app_begin ] --START--
INFO: Run Behavior\ReadHtmlCacheBehavior [ RunTime:0.000905s ]
INFO: [ app_begin ] --END-- [ RunTime:0.001015s ]
NOTIC: [8192] mysql_connect(): The mysql extension is deprecated and will be removed in the future: use mysqli or PDO instead /private/var/www/sport/ThinkPHP/Library/Think/Db/Driver/Mysql.class.php 第 52 行.
SQL: SHOW COLUMNS FROM `activity_comment` [ RunTime:0.005819s ]
SQL: SELECT `aid`,`acid`,u.username,ac.uid,`actitle`,`accontent`,ac.approved FROM activity_comment ac  LEFT JOIN user u ON u.uid = ac.uid  WHERE ( acid=2 AND pid=0 AND deleted=0 )  [ RunTime:0.000289s ]
SQL: SELECT `aid`,`acid`,u.username,ac.uid,`actitle`,`accontent`,ac.approved FROM activity_comment ac  LEFT JOIN user u ON u.uid = ac.uid  WHERE ( pid=2 AND deleted=0 )  [ RunTime:0.000218s ]
INFO: [ app_end ] --START--
INFO: Run Behavior\ShowPageTraceBehavior [ RunTime:0.001373s ]
INFO: [ app_end ] --END-- [ RunTime:0.001471s ]

[ 2014-12-17T15:12:51+08:00 ] 127.0.0.1 /activitycomment/comments?acid=2
INFO: [ app_init ] --START--
INFO: Run Behavior\BuildLiteBehavior [ RunTime:0.000040s ]
INFO: [ app_init ] --END-- [ RunTime:0.000553s ]
INFO: [ app_begin ] --START--
INFO: Run Behavior\ReadHtmlCacheBehavior [ RunTime:0.000354s ]
INFO: [ app_begin ] --END-- [ RunTime:0.000446s ]
NOTIC: [8192] mysql_connect(): The mysql extension is deprecated and will be removed in the future: use mysqli or PDO instead /private/var/www/sport/ThinkPHP/Library/Think/Db/Driver/Mysql.class.php 第 52 行.
SQL: SHOW COLUMNS FROM `activity_comment` [ RunTime:0.013772s ]
SQL: SELECT `aid`,`acid`,u.username,ac.uid,`actitle`,`accontent`,ac.approved FROM activity_comment ac  LEFT JOIN user u ON u.uid = ac.uid  WHERE ( acid=2 AND pid=0 AND deleted=0 )  [ RunTime:0.000278s ]
SQL: SELECT `aid`,`acid`,u.username,ac.uid,`actitle`,`accontent`,ac.approved FROM activity_comment ac  LEFT JOIN user u ON u.uid = ac.uid  WHERE ( pid=2 AND deleted=0 )  [ RunTime:0.000201s ]
INFO: [ app_end ] --START--
INFO: Run Behavior\ShowPageTraceBehavior [ RunTime:0.000424s ]
INFO: [ app_end ] --END-- [ RunTime:0.000504s ]

[ 2014-12-17T15:13:07+08:00 ] 127.0.0.1 /activitycomment/comments?acid=2
INFO: [ app_init ] --START--
INFO: Run Behavior\BuildLiteBehavior [ RunTime:0.000027s ]
INFO: [ app_init ] --END-- [ RunTime:0.000540s ]
INFO: [ app_begin ] --START--
INFO: Run Behavior\ReadHtmlCacheBehavior [ RunTime:0.000733s ]
INFO: [ app_begin ] --END-- [ RunTime:0.000848s ]
NOTIC: [8192] mysql_connect(): The mysql extension is deprecated and will be removed in the future: use mysqli or PDO instead /private/var/www/sport/ThinkPHP/Library/Think/Db/Driver/Mysql.class.php 第 52 行.
SQL: SHOW COLUMNS FROM `activity_comment` [ RunTime:0.002400s ]
SQL: SELECT `aid`,`acid`,u.username,ac.uid,`actitle`,`accontent`,ac.approved FROM activity_comment ac  LEFT JOIN user u ON u.uid = ac.uid  WHERE ( acid=2 AND pid=0 AND deleted=0 )  [ RunTime:0.000287s ]
SQL: SELECT `aid`,`acid`,u.username,ac.uid,`actitle`,`accontent`,ac.approved FROM activity_comment ac  LEFT JOIN user u ON u.uid = ac.uid  WHERE ( pid=2 AND deleted=0 )  [ RunTime:0.000243s ]
INFO: [ app_end ] --START--
INFO: Run Behavior\ShowPageTraceBehavior [ RunTime:0.000794s ]
INFO: [ app_end ] --END-- [ RunTime:0.000914s ]

[ 2014-12-17T15:13:09+08:00 ] 127.0.0.1 /activitycomment/comments?acid=2
INFO: [ app_init ] --START--
INFO: Run Behavior\BuildLiteBehavior [ RunTime:0.000020s ]
INFO: [ app_init ] --END-- [ RunTime:0.000304s ]
INFO: [ app_begin ] --START--
INFO: Run Behavior\ReadHtmlCacheBehavior [ RunTime:0.000369s ]
INFO: [ app_begin ] --END-- [ RunTime:0.000466s ]
NOTIC: [8192] mysql_connect(): The mysql extension is deprecated and will be removed in the future: use mysqli or PDO instead /private/var/www/sport/ThinkPHP/Library/Think/Db/Driver/Mysql.class.php 第 52 行.
SQL: SHOW COLUMNS FROM `activity_comment` [ RunTime:0.012712s ]
SQL: SELECT `aid`,`acid`,u.username,ac.uid,`actitle`,`accontent`,ac.approved FROM activity_comment ac  LEFT JOIN user u ON u.uid = ac.uid  WHERE ( acid=2 AND pid=0 AND deleted=0 )  [ RunTime:0.000271s ]
SQL: SELECT `aid`,`acid`,u.username,ac.uid,`actitle`,`accontent`,ac.approved FROM activity_comment ac  LEFT JOIN user u ON u.uid = ac.uid  WHERE ( pid=2 AND deleted=0 )  [ RunTime:0.000194s ]
INFO: [ app_end ] --START--
INFO: Run Behavior\ShowPageTraceBehavior [ RunTime:0.000419s ]
INFO: [ app_end ] --END-- [ RunTime:0.000497s ]

